<?xml version="1.0" encoding="UTF-8" ?>
<testsuite tests="11" failures="6" name="cucumber.Options.TestRunner" time="24.039" errors="3" skipped="0">
  <properties>
[...]
</properties>
  <testcase classname="Validating Employee API" name="Verify status code and message in response when employee is created" time="7.213"/>
  <testcase classname="Validating Employee API" name="Verify status code and message in response when employee is updated" time="1.423">
    <failure message="expected:&lt;429&gt; but was:&lt;200&gt;" type="java.lang.AssertionError">java.lang.AssertionError: expected:&lt;429&gt; but was:&lt;200&gt;
	at org.junit.Assert.fail(Assert.java:88)
	at org.junit.Assert.failNotEquals(Assert.java:743)
	at org.junit.Assert.assertEquals(Assert.java:118)
	at org.junit.Assert.assertEquals(Assert.java:144)
	at stepDefinition.sd.the_status_code_is(sd.java:41)
	at ✽.the status code is 200(file:///C:/Users/Suket%20Suman/eclipse-workspace/Employee/src/test/java/features/employeeValidations.feature:12)
</failure>
  </testcase>
  <testcase classname="Validating Employee API" name="Verify status code and message in response when user get a employee" time="1.323">
    <failure message="expected:&lt;429&gt; but was:&lt;200&gt;" type="java.lang.AssertionError">java.lang.AssertionError: expected:&lt;429&gt; but was:&lt;200&gt;
	at org.junit.Assert.fail(Assert.java:88)
	at org.junit.Assert.failNotEquals(Assert.java:743)
	at org.junit.Assert.assertEquals(Assert.java:118)
	at org.junit.Assert.assertEquals(Assert.java:144)
	at stepDefinition.sd.the_status_code_is(sd.java:41)
	at ✽.the status code is 200(file:///C:/Users/Suket%20Suman/eclipse-workspace/Employee/src/test/java/features/employeeValidations.feature:18)
</failure>
  </testcase>
  <testcase classname="Validating Employee API" name="Verify status code and message in response when a employee is deleted" time="1.136">
    <failure message="expected:&lt;429&gt; but was:&lt;200&gt;" type="java.lang.AssertionError">java.lang.AssertionError: expected:&lt;429&gt; but was:&lt;200&gt;
	at org.junit.Assert.fail(Assert.java:88)
	at org.junit.Assert.failNotEquals(Assert.java:743)
	at org.junit.Assert.assertEquals(Assert.java:118)
	at org.junit.Assert.assertEquals(Assert.java:144)
	at stepDefinition.sd.the_status_code_is(sd.java:41)
	at ✽.the status code is 200(file:///C:/Users/Suket%20Suman/eclipse-workspace/Employee/src/test/java/features/employeeValidations.feature:24)
</failure>
  </testcase>
  <testcase classname="Validating Employee API" name="Verify status code and message in response when user get all employees" time="1.346"/>
  <testcase classname="Validating Employee API" name="Verify if getAPI shows Employee informtion when addAPI adds an Employee" time="2.861">
    <error message="Failed to parse the JSON document" type="io.restassured.path.json.exception.JsonPathException">io.restassured.path.json.exception.JsonPathException: Failed to parse the JSON document
	at io.restassured.path.json.JsonPath$ExceptionCatcher.invoke(JsonPath.java:1002)
	at io.restassured.path.json.JsonPath$4.doParseWith(JsonPath.java:967)
	at io.restassured.path.json.JsonPath$JsonParser.parseWith(JsonPath.java:1047)
	at io.restassured.path.json.JsonPath.get(JsonPath.java:202)
	at resources.utils.getJsonPath(utils.java:12)
	at stepDefinition.sd.verify_employee_information(sd.java:113)
	at ✽.Verify Employee information(file:///C:/Users/Suket%20Suman/eclipse-workspace/Employee/src/test/java/features/employeeValidations.feature:37)
Caused by: groovy.json.JsonException: Lexing failed on line: 1, column: 1, while reading &apos;&lt;&apos;, no possible valid JSON value or punctuation could be recognized.
	at groovy.json.JsonLexer.nextToken(JsonLexer.java:86)
	at groovy.json.JsonLexer$nextToken.call(Unknown Source)
	at io.restassured.internal.path.json.ConfigurableJsonSlurper.parse(ConfigurableJsonSlurper.groovy:97)
	at io.restassured.internal.path.json.ConfigurableJsonSlurper$parse.callCurrent(Unknown Source)
	at io.restassured.internal.path.json.ConfigurableJsonSlurper.parseText(ConfigurableJsonSlurper.groovy:83)
	at io.restassured.path.json.JsonPath$4$1.method(JsonPath.java:965)
	at io.restassured.path.json.JsonPath$ExceptionCatcher.invoke(JsonPath.java:1000)
	at io.restassured.path.json.JsonPath$4.doParseWith(JsonPath.java:967)
	at io.restassured.path.json.JsonPath$JsonParser.parseWith(JsonPath.java:1047)
	at io.restassured.path.json.JsonPath.get(JsonPath.java:202)
	at resources.utils.getJsonPath(utils.java:12)
	at stepDefinition.sd.verify_employee_information(sd.java:113)
	at java.base/jdk.internal.reflect.NativeMethodAccessorImpl.invoke0(Native Method)
	at java.base/jdk.internal.reflect.NativeMethodAccessorImpl.invoke(NativeMethodAccessorImpl.java:62)
	at java.base/jdk.internal.reflect.DelegatingMethodAccessorImpl.invoke(DelegatingMethodAccessorImpl.java:43)
	at java.base/java.lang.reflect.Method.invoke(Method.java:567)
	at io.cucumber.java.Invoker.doInvoke(Invoker.java:66)
	at io.cucumber.java.Invoker.invoke(Invoker.java:24)
	at io.cucumber.java.AbstractGlueDefinition.invokeMethod(AbstractGlueDefinition.java:47)
	at io.cucumber.java.JavaStepDefinition.execute(JavaStepDefinition.java:29)
	at io.cucumber.core.runner.CoreStepDefinition.execute(CoreStepDefinition.java:66)
	at io.cucumber.core.runner.PickleStepDefinitionMatch.runStep(PickleStepDefinitionMatch.java:63)
	at io.cucumber.core.runner.ExecutionMode$1.execute(ExecutionMode.java:10)
	at io.cucumber.core.runner.TestStep.executeStep(TestStep.java:92)
	at io.cucumber.core.runner.TestStep.run(TestStep.java:64)
	at io.cucumber.core.runner.PickleStepTestStep.run(PickleStepTestStep.java:51)
	at io.cucumber.core.runner.TestCase.run(TestCase.java:104)
	at io.cucumber.core.runner.Runner.runPickle(Runner.java:71)
	at io.cucumber.junit.PickleRunners$NoStepDescriptions.run(PickleRunners.java:151)
	at io.cucumber.junit.FeatureRunner.runChild(FeatureRunner.java:135)
	at io.cucumber.junit.FeatureRunner.runChild(FeatureRunner.java:27)
	at org.junit.runners.ParentRunner$3.run(ParentRunner.java:238)
	at org.junit.runners.ParentRunner$1.schedule(ParentRunner.java:63)
	at org.junit.runners.ParentRunner.runChildren(ParentRunner.java:236)
	at org.junit.runners.ParentRunner.access$000(ParentRunner.java:53)
	at org.junit.runners.ParentRunner$2.evaluate(ParentRunner.java:229)
	at org.junit.runners.ParentRunner.run(ParentRunner.java:309)
	at io.cucumber.junit.Cucumber.runChild(Cucumber.java:199)
	at io.cucumber.junit.Cucumber.runChild(Cucumber.java:90)
	at org.junit.runners.ParentRunner$3.run(ParentRunner.java:238)
	at org.junit.runners.ParentRunner$1.schedule(ParentRunner.java:63)
	at org.junit.runners.ParentRunner.runChildren(ParentRunner.java:236)
	at org.junit.runners.ParentRunner.access$000(ParentRunner.java:53)
	at org.junit.runners.ParentRunner$2.evaluate(ParentRunner.java:229)
	at io.cucumber.junit.Cucumber$RunCucumber.evaluate(Cucumber.java:234)
	at org.junit.runners.ParentRunner.run(ParentRunner.java:309)
	at org.apache.maven.surefire.junit4.JUnit4Provider.execute(JUnit4Provider.java:252)
	at org.apache.maven.surefire.junit4.JUnit4Provider.executeTestSet(JUnit4Provider.java:141)
	at org.apache.maven.surefire.junit4.JUnit4Provider.invoke(JUnit4Provider.java:112)
	at java.base/jdk.internal.reflect.NativeMethodAccessorImpl.invoke0(Native Method)
	at java.base/jdk.internal.reflect.NativeMethodAccessorImpl.invoke(NativeMethodAccessorImpl.java:62)
	at java.base/jdk.internal.reflect.DelegatingMethodAccessorImpl.invoke(DelegatingMethodAccessorImpl.java:43)
	at java.base/java.lang.reflect.Method.invoke(Method.java:567)
	at org.apache.maven.surefire.util.ReflectionUtils.invokeMethodWithArray(ReflectionUtils.java:189)
	at org.apache.maven.surefire.booter.ProviderFactory$ProviderProxy.invoke(ProviderFactory.java:165)
	at org.apache.maven.surefire.booter.ProviderFactory.invokeProvider(ProviderFactory.java:85)
	at org.apache.maven.surefire.booter.ForkedBooter.runSuitesInProcess(ForkedBooter.java:115)
	at org.apache.maven.surefire.booter.ForkedBooter.main(ForkedBooter.java:75)
</error>
    <system-out>HTTP/1.1 200 OK
Cache-Control: no-cache, private, max-age=31536000
Content-Type: application/json
Date: Mon, 21 Sep 2020 05:36:45 GMT
Display: staticcontent_sol
Expires: Tue, 21 Sep 2021 05:36:45 GMT
Host-Header: c2hhcmVkLmJsdWVob3N0LmNvbQ==
Referrer-Policy: 
Response: 200
Server: nginx/1.16.0
Vary: Accept-Encoding
Vary: Accept-Encoding,Origin
X-Ezoic-Cdn: Miss
X-Middleton-Display: staticcontent_sol
X-Middleton-Response: 200
X-Ratelimit-Limit: 60
X-Ratelimit-Remaining: 58
X-Sol: pub_site
Content-Length: 128

{
    &quot;status&quot;: &quot;success&quot;,
    &quot;data&quot;: {
        &quot;name&quot;: &quot;test&quot;,
        &quot;salary&quot;: &quot;123&quot;,
        &quot;age&quot;: &quot;23&quot;,
        &quot;id&quot;: 3854
    },
    &quot;message&quot;: &quot;Successfully! Record has been added.&quot;
}
HTTP/1.1 429 Too Many Requests
Content-Encoding: gzip
Content-Type: text/html; charset=UTF-8
Date: Mon, 21 Sep 2020 05:36:46 GMT
Display: staticcontent_sol
Expires: Sun, 20 Sep 2020 05:36:46 GMT
Host-Header: c2hhcmVkLmJsdWVob3N0LmNvbQ==
Pagespeed: off
Referrer-Policy: 
Response: 429
Retry-After: 48
Server: nginx/1.16.0
Vary: Accept-Encoding
Vary: Accept-Encoding,User-Agent,Origin
X-Ezoic-Cdn: Miss
X-Middleton-Display: staticcontent_sol
X-Middleton-Response: 429
X-Ratelimit-Limit: 60
X-Ratelimit-Remaining: 57
X-Ratelimit-Reset: 1600666654
X-Sol: pub_site
Transfer-Encoding: chunked

&lt;html lang=&quot;en&quot;&gt;
  &lt;head&gt;
    &lt;meta charset=&quot;utf-8&quot;/&gt;
    &lt;script data-ezscrex=&quot;false&quot; data-cfasync=&quot;false&quot; data-pagespeed-no-defer=&quot;data-pagespeed-no-defer&quot;&gt;var __ez=__ez||{};__ez.stms=Date.now();__ez.evt={};__ez.script={};__ez.ck=__ez.ck||{};__ez.template={};__ez.template.isOrig=false;__ez.queue=(function(){var count=0,incr=0,items=[],timeDelayFired=false,hpItems=[],lpItems=[],allowLoad=true;var obj={func:function(name,funcName,parameters,isBlock,blockedBy,deleteWhenComplete,proceedIfError){var self=this;this.name=name;this.funcName=funcName;this.parameters=parameters===null?null:(parameters instanceof Array)?parameters:[parameters];this.isBlock=isBlock;this.blockedBy=blockedBy;this.deleteWhenComplete=deleteWhenComplete;this.isError=false;this.isComplete=false;this.isInitialized=false;this.proceedIfError=proceedIfError;this.isTimeDelay=false;this.process=function(){log(&quot;... func = &quot;+name);self.isInitialized=true;self.isComplete=true;log(&quot;... func.apply: &quot;+name);var funcs=self.funcName.split(&apos;.&apos;);var func=null;if(funcs.length&amp;gt;3){}else if(funcs.length===3){func=window[funcs[0]][funcs[1]][funcs[2]];}else if(funcs.length===2){func=window[funcs[0]][funcs[1]];}else{func=window[self.funcName];}
if(typeof func!==&apos;undefined&apos;&amp;amp;&amp;amp;func!==null){func.apply(null,this.parameters);}
if(self.deleteWhenComplete===true)delete items[name];if(self.isBlock===true){log(&quot;----- F&apos;D: &quot;+self.name);processAll();}}},file:function(name,path,isBlock,blockedBy,async,defer,proceedIfError){var self=this;this.name=name;this.path=path;this.async=async;this.defer=defer;this.isBlock=isBlock;this.blockedBy=blockedBy;this.isInitialized=false;this.isError=false;this.isComplete=false;this.proceedIfError=proceedIfError;this.isTimeDelay=false;this.process=function(){self.isInitialized=true;log(&quot;... file = &quot;+name);var scr=document.createElement(&apos;script&apos;);scr.src=path;if(async===true)scr.async=true;else if(defer===true)scr.defer=true;scr.onerror=function(){log(&quot;----- ERR&apos;D: &quot;+self.name);self.isError=true;if(self.isBlock===true){processAll();}};scr.onreadystatechange=scr.onload=function(){var state=scr.readyState;log(&quot;----- F&apos;D: &quot;+self.name);if((!state||/loaded|complete/.test(state))){self.isComplete=true;if(self.isBlock===true){processAll();}}};document.getElementsByTagName(&apos;head&apos;)[0].appendChild(scr);}}};function init(){window.addEventListener(&quot;load&quot;,function(){setTimeout(function(){timeDelayFired=true;log(&apos;TDELAY -----&apos;);processAll();},5000);},false);}
function addFile(name,path,isBlock,blockedBy,async,defer,proceedIfError,priority){var item=new obj.file(name,path,isBlock,blockedBy,async,defer,proceedIfError);if(priority===true){hpItems[name]=item}else{lpItems[name]=item}
items[name]=item;checkIfBlocked(item);}
function setallowLoad(settobool){allowLoad=settobool}
function addFunc(name,func,parameters,isBlock,blockedBy,autoInc,deleteWhenComplete,proceedIfError,priority){if(autoInc===true)name=name+&quot;_&quot;+incr++;var item=new obj.func(name,func,parameters,isBlock,blockedBy,deleteWhenComplete,proceedIfError);if(priority===true){hpItems[name]=item}else{lpItems[name]=item}
items[name]=item;checkIfBlocked(item);}
function addTimeDelayFile(name,path){var item=new obj.file(name,path,false,[],false,false,true);item.isTimeDelay=true;log(name+&apos; ... &apos;+&apos; FILE! TDELAY&apos;);lpItems[name]=item;items[name]=item;checkIfBlocked(item);}
function addTimeDelayFunc(name,func,parameters){var item=new obj.func(name,func,parameters,false,[],true,true);item.isTimeDelay=true;log(name+&apos; ... &apos;+&apos; FUNCTION! TDELAY&apos;);lpItems[name]=item;items[name]=item;checkIfBlocked(item);}
function checkIfBlocked(item){if(isBlocked(item)===true||allowLoad==false)return;item.process();}
function isBlocked(item){if(item.isTimeDelay===true&amp;amp;&amp;amp;timeDelayFired===false){log(item.name+&quot; blocked = TIME DELAY!&quot;);return true;}
if(item.blockedBy instanceof Array){for(var i=0;i&amp;lt;item.blockedBy.length;i++){var block=item.blockedBy[i];if(items.hasOwnProperty(block)===false){log(item.name+&quot; blocked = &quot;+block);return true;}else if(item.proceedIfError===true&amp;amp;&amp;amp;items[block].isError===true){return false;}else if(items[block].isComplete===false){log(item.name+&quot; blocked = &quot;+block);return true;}}}
return false;}
function log(msg){var href=window.location.href;var reg=new RegExp(&apos;[?&amp;amp;]ezq=([^&amp;amp;#]*)&apos;,&apos;i&apos;);var string=reg.exec(href);var res=string?string[1]:null;if(res===&quot;1&quot;)console.debug(msg);}
function processAll(){count++;if(count&amp;gt;200)return;log(&quot;let&apos;s go&quot;);processItems(hpItems);processItems(lpItems);}
function processItems(list){for(var i in list){if(list.hasOwnProperty(i)===false)continue;var item=list[i];if(item.isComplete===true||isBlocked(item)||item.isInitialized===true||item.isError===true){if(item.isError===true){log(item.name+&apos;: error&apos;)}else if(item.isComplete===true){log(item.name+&apos;: complete already&apos;)}else if(item.isInitialized===true){log(item.name+&apos;: initialized already&apos;)}}else{item.process();}}}
init();return{addFile:addFile,addDelayFile:addTimeDelayFile,addFunc:addFunc,addDelayFunc:addTimeDelayFunc,items:items,processAll:processAll,setallowLoad:setallowLoad};})();__ez.evt.add=function(e,t,n){e.addEventListener?e.addEventListener(t,n,!1):e.attachEvent?e.attachEvent(&quot;on&quot;+t,n):e[&quot;on&quot;+t]=n()},__ez.evt.remove=function(e,t,n){e.removeEventListener?e.removeEventListener(t,n,!1):e.detachEvent?e.detachEvent(&quot;on&quot;+t,n):delete e[&quot;on&quot;+t]};__ez.script.add=function(e){var t=document.createElement(&quot;script&quot;);t.src=e,t.async=!0,t.type=&quot;text/javascript&quot;,document.getElementsByTagName(&quot;head&quot;)[0].appendChild(t)};__ez.queue.addFile(&apos;/detroitchicago/boise.js&apos;, &apos;/detroitchicago/boise.js?gcb=191-6&amp;amp;cb=1&apos;, false, [], true, false, true, false);__ez.dot={};__ez.queue.addFile(&apos;/detroitchicago/memphis.js&apos;, &apos;/detroitchicago/memphis.js?gcb=191-6&amp;amp;cb=1&apos;, false, [], true, false, true, false);__ez.queue.addFile(&apos;/detroitchicago/minneapolis.js&apos;, &apos;/detroitchicago/minneapolis.js?gcb=191-6&amp;amp;cb=1&apos;, false, [], true, false, true, false);__ez.vep=(function(){var pixels=[],pxURL=&quot;/detroitchicago/grapefruit.gif&quot;;function AddPixel(vID,pixelData){if(__ez.dot.isDefined(vID)&amp;amp;&amp;amp;__ez.dot.isValid(pixelData)){pixels.push({type:&apos;video&apos;,video_impression_id:vID,domain_id:__ez.dot.getDID(),t_epoch:__ez.dot.getEpoch(0),data:__ez.dot.dataToStr(pixelData)});}}
function Fire(){if(typeof document.visibilityState!==&apos;undefined&apos;&amp;amp;&amp;amp;document.visibilityState===&quot;prerender&quot;){return;}
if(__ez.dot.isDefined(pixels)&amp;amp;&amp;amp;pixels.length&amp;gt;0){while(pixels.length&amp;gt;0){var j=5;if(j&amp;gt;pixels.length){j=pixels.length;}
var pushPixels=pixels.splice(0,j);(new Image()).src=__ez.dot.getURL(pxURL)+&quot;?orig=&quot;+(__ez.template.isOrig===true?1:0)+&quot;&amp;amp;v=&quot;+btoa(JSON.stringify(pushPixels));}}
pixels=[];}
return{Add:AddPixel,Fire:Fire};})();&lt;/script&gt;
    &lt;script data-ezscrex=&quot;false&quot; data-cfasync=&quot;false&quot; data-pagespeed-no-defer=&quot;data-pagespeed-no-defer&quot;&gt;__ez.pel=(function(){var pixels=[],pxURL=&quot;/porpoiseant/army.gif&quot;;function AddAndFirePixel(adSlot,pixelData){AddPixel(adSlot,pixelData,0,0,0,0,0);Fire();}
function GetCurrentPixels(){return pixels;}
function AddPixel(adSlot,pixelData,revenue,est_revenue,bid_floor_filled,bid_floor_prev,stat_source_id){if(!__ez.dot.isDefined(adSlot)||__ez.dot.isAnyDefined(adSlot.getSlotElementId,adSlot.ElementId)==false){return;}
var ad_position_id=parseInt(__ez.dot.getTargeting(adSlot,&apos;ap&apos;));var impId=__ez.dot.getSlotIID(adSlot),adUnit=__ez.dot.getAdUnit(adSlot);var compId=parseInt(__ez.dot.getTargeting(adSlot,&quot;compid&quot;));var lineItemId=0;var creativeId=0;var ezimData=getEzimData(adSlot);if(typeof ezimData==&apos;object&apos;){if(ezimData.creative_id!==undefined){creativeId=ezimData.creative_id;}
if(ezimData.line_item_id!==undefined){lineItemId=ezimData.line_item_id;}}
if(__ez.dot.isDefined(impId,adUnit)&amp;amp;&amp;amp;__ez.dot.isValid(pixelData)){pixels.push({type:&quot;impression&quot;,impression_id:impId,domain_id:__ez.dot.getDID(),unit:adUnit,t_epoch:__ez.dot.getEpoch(0),revenue:revenue,est_revenue:est_revenue,ad_position:ad_position_id,ad_size:&quot;&quot;,bid_floor_filled:bid_floor_filled,bid_floor_prev:bid_floor_prev,stat_source_id:stat_source_id,country_code:__ez.dot.getCC(),pageview_id:__ez.dot.getPageviewId(),comp_id:compId,line_item_id:lineItemId,creative_id:creativeId,data:__ez.dot.dataToStr(pixelData)});}}
function AddPixelById(impFullId,pixelData){var vals=impFullId.split(&apos;/&apos;);if(__ez.dot.isDefined(impFullId)&amp;amp;&amp;amp;vals.length===3&amp;amp;&amp;amp;__ez.dot.isValid(pixelData)){var adUnit=vals[0],impId=vals[2];pixels.push({type:&quot;impression&quot;,impression_id:impId,domain_id:__ez.dot.getDID(),unit:adUnit,t_epoch:__ez.dot.getEpoch(0),pageview_id:__ez.dot.getPageviewId(),data:__ez.dot.dataToStr(pixelData)});}}
function Fire(){if(typeof document.visibilityState!==&apos;undefined&apos;&amp;amp;&amp;amp;document.visibilityState===&quot;prerender&quot;)return;if(__ez.dot.isDefined(pixels)&amp;amp;&amp;amp;pixels.length&amp;gt;0){while(pixels.length&amp;gt;0){var j=5;if(j&amp;gt;pixels.length){j=pixels.length;}
var pushPixels=pixels.splice(0,j);var pixelURL=__ez.dot.getURL(pxURL)+&quot;?orig=&quot;+(__ez.template.isOrig===true?1:0)+&quot;&amp;amp;sts=&quot;+btoa(JSON.stringify(pushPixels));if(typeof window.isAmp!==&apos;undefined&apos;&amp;amp;&amp;amp;isAmp&amp;amp;&amp;amp;typeof window._ezaq!==&apos;undefined&apos;&amp;amp;&amp;amp;_ezaq.hasOwnProperty(&quot;domain_id&quot;)){pixelURL+=&quot;&amp;amp;visit_uuid=&quot;+_ezaq[&apos;visit_uuid&apos;];}
(new Image()).src=pixelURL;}}
pixels=[];}
function getEzimData(adSlot){if(typeof _ezim_d==&quot;undefined&quot;){return false}
var adUnitName=__ez.dot.getAdUnitPath(adSlot).split(&apos;/&apos;).pop();if(typeof _ezim_d===&apos;object&apos;&amp;amp;&amp;amp;_ezim_d.hasOwnProperty(adUnitName)){return _ezim_d[adUnitName];}
for(var ezimKey in _ezim_d){if(ezimKey.split(&apos;/&apos;).pop()===adUnitName){return _ezim_d[ezimKey];}}
return false;}
return{Add:AddPixel,AddAndFire:AddAndFirePixel,AddById:AddPixelById,Fire:Fire,GetPixels:GetCurrentPixels,};})();__ez.queue.addFile(&apos;/detroitchicago/raleigh.js&apos;, &apos;/detroitchicago/raleigh.js?gcb=191-6&amp;amp;cb=1&apos;, false, [], true, false, true, false);__ez.queue.addFile(&apos;/detroitchicago/tampa.js&apos;, &apos;/detroitchicago/tampa.js?gcb=191-6&amp;amp;cb=1&apos;, false, [], true, false, true, false);&lt;/script&gt;
    &lt;script data-ezscrex=&quot;false&quot; type=&quot;text/javascript&quot; data-cfasync=&quot;false&quot;&gt;var _ezaq = {&quot;ad_cache_level&quot;:0,&quot;ad_count_adjustment&quot;:0,&quot;ad_lazyload_version&quot;:0,&quot;ad_location_ids&quot;:&quot;&quot;,&quot;ad_transform_level&quot;:0,&quot;adx_ad_count&quot;:0,&quot;bidder_method&quot;:1,&quot;bidder_version&quot;:3,&quot;city&quot;:&quot;Patna&quot;,&quot;country&quot;:&quot;IN&quot;,&quot;days_since_last_visit&quot;:-1,&quot;display_ad_count&quot;:0,&quot;domain_id&quot;:133674,&quot;ds_adsize_opt_id&quot;:-1,&quot;engaged_time_visit&quot;:0,&quot;ezcache_level&quot;:1,&quot;forensiq_score&quot;:-1,&quot;form_factor_id&quot;:1,&quot;framework_id&quot;:1,&quot;has_bad_image&quot;:0,&quot;has_bad_words&quot;:0,&quot;iab_category&quot;:&quot;&quot;,&quot;is_from_recommended_pages&quot;:false,&quot;is_return_visitor&quot;:false,&quot;is_sitespeed&quot;:0,&quot;last_page_load&quot;:&quot;&quot;,&quot;last_pageview_id&quot;:&quot;&quot;,&quot;lt_cache_level&quot;:0,&quot;max_ads&quot;:0,&quot;metro_code&quot;:0,&quot;optimization_version&quot;:1,&quot;page_ad_positions&quot;:&quot;&quot;,&quot;page_view_count&quot;:0,&quot;page_view_id&quot;:&quot;81494d9a-8a7a-409c-4102-d29a2f409fa1&quot;,&quot;position_selection_id&quot;:0,&quot;postal_code&quot;:&quot;800001&quot;,&quot;pv_event_count&quot;:0,&quot;response_time_orig&quot;:791,&quot;serverid&quot;:&quot;54.251.12.165:15670&quot;,&quot;state&quot;:&quot;BR&quot;,&quot;sub_page_ad_positions&quot;:&quot;&quot;,&quot;t_epoch&quot;:1600666605,&quot;template_id&quot;:0,&quot;time_on_site_visit&quot;:0,&quot;url&quot;:&quot;http://dummy.restapiexample.com/api/v1/employee/21&quot;,&quot;user_id&quot;:0,&quot;word_count&quot;:0,&quot;worst_bad_word_level&quot;:0};var _ezim_d = null;var _ezat = {&quot;domain_id&quot;:133674,&quot;form_factor_id&quot;:1,&quot;framework_id&quot;:1,&quot;pageview_date&quot;:&quot;2020-09-21&quot;,&quot;pageview_id&quot;:&quot;81494d9a-8a7a-409c-4102-d29a2f409fa1&quot;,&quot;template_id&quot;:0,&quot;url&quot;:&quot;http://dummy.restapiexample.com/api/v1/employee/21&quot;,&quot;visit_uuid&quot;:&quot;00732851-54b2-4961-606f-38344f37290a&quot;};&lt;/script&gt;
    &lt;script data-ezscrex=&quot;false&quot; data-pagespeed-no-defer=&quot;data-pagespeed-no-defer&quot; data-cfasync=&quot;false&quot; type=&quot;text/javascript&quot;&gt;__ez.queue.addFile(&apos;banger.js&apos;, &apos;/porpoiseant/banger.js?cb=191-6&amp;amp;bv=86&amp;amp;v=35&amp;amp;PageSpeed=off&apos;, true, [], true, false, false, true);&lt;/script&gt;
    &lt;script data-ezscrex=&quot;false&quot; data-cfasync=&quot;false&quot;&gt;(function(){if(&quot;function&quot;===typeof window.CustomEvent)return!1;window.CustomEvent=function(c,a){a=a||{bubbles:!1,cancelable:!1,detail:null};var b=document.createEvent(&quot;CustomEvent&quot;);b.initCustomEvent(c,a.bubbles,a.cancelable,a.detail);return b}})();&lt;/script&gt;
    &lt;script data-ezscrex=&quot;false&quot; data-cfasync=&quot;false&quot;&gt;__ez.queue.addFile(&apos;/detroitchicago/tulsa.js&apos;, &apos;/detroitchicago/tulsa.js?gcb=191-6&amp;amp;cb=2&apos;, false, [], true, false, true, false);&lt;/script&gt;
    &lt;meta name=&quot;viewport&quot; content=&quot;width=device-width, initial-scale=1&quot;/&gt;
    &lt;title&gt;Too Many Requests&lt;/title&gt;
    &lt;link rel=&quot;dns-prefetch&quot; href=&quot;//fonts.gstatic.com&quot;/&gt;
    &lt;link href=&quot;https://fonts.googleapis.com/css?family=Nunito&quot; rel=&quot;stylesheet&quot;/&gt;
    &lt;style&gt;
            html, body {
                background-color: #fff;
                color: #636b6f;
                font-family: &apos;Nunito&apos;, sans-serif;
                font-weight: 100;
                height: 100vh;
                margin: 0;
            }

            .full-height {
                height: 100vh;
            }

            .flex-center {
                align-items: center;
                display: flex;
                justify-content: center;
            }

            .position-ref {
                position: relative;
            }

            .code {
                border-right: 2px solid;
                font-size: 26px;
                padding: 0 15px 0 15px;
                text-align: center;
            }

            .message {
                font-size: 18px;
                text-align: center;
            }
        &lt;/style&gt;
    &lt;script data-ezscrex=&quot;false&quot; data-cfasync=&quot;false&quot; type=&quot;text/javascript&quot;&gt;window.google_analytics_uacct = &quot;UA-131129777-14&quot;;&lt;/script&gt;
    &lt;script data-ezscrex=&quot;false&quot; data-cfasync=&quot;false&quot; type=&quot;text/javascript&quot;&gt;
var _gaq = _gaq || [];
_gaq.push(function(){
	_gat._createTracker(&apos;UA-131129777-14&apos;, &apos;e&apos;);
});
_gaq.push(function(){
	_gat._createTracker(&apos;UA-38339005-1&apos;, &apos;f&apos;);
});
_gaq.push([&apos;e._setDomainName&apos;, &apos;restapiexample.com&apos;]);
_gaq.push([&apos;f._setDomainName&apos;, &apos;restapiexample.com&apos;]);
_gaq.push([&apos;e._setCustomVar&apos;,1,&apos;template&apos;,&apos;pub_site_noads&apos;,3]);
_gaq.push([&apos;e._setCustomVar&apos;,2,&apos;t&apos;,&apos;147&apos;,3]);
_gaq.push([&apos;e._setCustomVar&apos;,3,&apos;rid&apos;,&apos;0&apos;,2]);
_gaq.push([&apos;e._setCustomVar&apos;,4,&apos;bra&apos;,&apos;mod1&apos;,3]);
_gaq.push([&apos;e._setAllowAnchor&apos;,true]);
_gaq.push([&apos;e._setSiteSpeedSampleRate&apos;, 10]);
_gaq.push([&apos;f._setCustomVar&apos;,1,&apos;template&apos;,&apos;pub_site_noads&apos;,3]);
_gaq.push([&apos;f._setCustomVar&apos;,2,&apos;domain&apos;,&apos;restapiexample.com&apos;,3]);
_gaq.push([&apos;f._setSiteSpeedSampleRate&apos;, 20]);
_gaq.push([&apos;e._trackPageview&apos;]);
_gaq.push([&apos;f._trackPageview&apos;]);


(function() {
 var ga = document.createElement(&apos;script&apos;); ga.type = &apos;text/javascript&apos;; ga.async = true;
 ga.src = (&apos;https:&apos; == document.location.protocol ? &apos;https://ssl&apos; : &apos;http://www&apos;) + &apos;.google-analytics.com/ga.js&apos;;
 var s = document.getElementsByTagName(&apos;script&apos;)[0]; s.parentNode.insertBefore(ga, s);
})();
&lt;/script&gt;
    &lt;script type=&quot;text/javascript&quot;&gt;var ezouid = &quot;1&quot;;&lt;/script&gt;
    &lt;base href=&quot;http://dummy.restapiexample.com/api/v1/employee/21&quot;/&gt;
    &lt;script type=&quot;text/javascript&quot;&gt;
var ezoTemplate = &apos;pub_site_noads&apos;;
if(typeof ezouid == &apos;undefined&apos;)
{
    var ezouid = &apos;none&apos;;
}
var ezoFormfactor = &apos;1&apos;;
var ezo_elements_to_check = Array();
&lt;/script&gt;
    &lt;script data-ezscrex=&quot;false&quot; type=&quot;text/javascript&quot;&gt;
var soc_app_id = &apos;0&apos;;
var did = 133674;
var ezdomain = &apos;restapiexample.com&apos;;
var ezoicSearchable = 1;
&lt;/script&gt;
    &lt;script data-ezscrex=&quot;false&quot; data-pagespeed-no-defer=&quot;data-pagespeed-no-defer&quot; data-cfasync=&quot;false&quot; type=&quot;text/javascript&quot; style=&quot;display:none&quot;&gt;
__ez.queue.addFile(&apos;__ezf_ezosuigeneris&apos;, &apos;//g.ezoic.net/ezosuigeneris.js&apos;, true, [], true, false, false, false);
var __ez_ezosuigenerisEvt = function() { if(typeof(ezosuigeneris) != &apos;undefined&apos;){__ez.bit.AddAndFire(_ezaq[&apos;page_view_id&apos;], [(new __ezDotData(&apos;universal_user_id&apos;, ezosuigeneris))]); }};
__ez.queue.addFunc(&apos;__ez_ezosuigenerisEvt&apos;, &apos;__ez_ezosuigenerisEvt&apos;, null, false, [&apos;__ezf_ezosuigeneris&apos;,&apos;/detroitchicago/minneapolis.js&apos;,&apos;/detroitchicago/memphis.js&apos;], false, false, false, false);&lt;/script&gt;
    &lt;script data-ezscrex=&quot;false&quot; data-pagespeed-no-defer=&quot;data-pagespeed-no-defer&quot; data-cfasync=&quot;false&quot; type=&quot;text/javascript&quot; style=&quot;display:none&quot;&gt;__ez.queue.addFile(&apos;__ezf_ezosuigenerisc&apos;, &apos;//g.ezoic.net/ezosuigenerisc.js?nogen=1&apos;, true, [&quot;/detroitchicago/boise.js&quot;], true, false, false, false);&lt;/script&gt;
    &lt;script data-ezscrex=&quot;false&quot; data-pagespeed-no-defer=&quot;data-pagespeed-no-defer&quot; data-cfasync=&quot;false&quot;&gt;
function create_ezolpl(pvID, rv) {
    var d = new Date();
    d.setTime(d.getTime() + (365*24*60*60*1000));
    var expires = &quot;expires=&quot;+d.toUTCString();
    __ez.ck.setByCat(&quot;ezux_lpl_133674=&quot; + new Date().getTime() + &quot;|&quot; + pvID + &quot;|&quot; + rv + &quot;; &quot; + expires, 3);
}
function attach_ezolpl(pvID, rv) {
    if (document.readyState === &quot;complete&quot;) {
        create_ezolpl(pvID, rv);
    }
    if(window.attachEvent) {
        window.attachEvent(&quot;onload&quot;, create_ezolpl, pvID, rv);
    } else {
        if(window.onload) {
            var curronload = window.onload;
            var newonload = function(evt) {
                curronload(evt);
                create_ezolpl(pvID, rv);
            };
            window.onload = newonload;
        } else {
            window.onload = create_ezolpl.bind(null, pvID, rv);
        }
    }
}

__ez.queue.addFunc(&quot;attach_ezolpl&quot;, &quot;attach_ezolpl&quot;, [&quot;81494d9a-8a7a-409c-4102-d29a2f409fa1&quot;, &quot;false&quot;], false, [&apos;/detroitchicago/boise.js&apos;], true, false, false, false);
&lt;/script&gt;
  &lt;/head&gt;
  &lt;body&gt;
    &lt;div class=&quot;flex-center position-ref full-height&quot;&gt;
      &lt;div class=&quot;code&quot;&gt;
                429            &lt;/div&gt;
      &lt;div class=&quot;message&quot; style=&quot;padding: 10px;&quot;&gt;
                Too Many Requests            &lt;/div&gt;
    &lt;/div&gt;
    &lt;script type=&quot;text/javascript&quot; style=&quot;display:none;&quot;&gt;var __ez_dims = (function() {
		var setCookie = function( name, content, expiry ) {
			return document.cookie = name+&apos;=&apos;+content+((expiry)?&apos;;expires=&apos;+(new Date(Math.floor(new Date().getTime()+expiry*1000)).toUTCString()):&apos;&apos;)+&apos;;path=/&apos;;
		};
		var ffid = 1;
		var oh = window.screen.height;
		var ow = window.screen.width;
		var h = ffid === 1 ? oh : (oh &amp;gt; ow) ? oh : ow;
		var w = ffid === 1 ? ow : (oh &amp;gt; ow) ? ow : oh;
		var uh = window.innerHeight || document.documentElement.clientHeight || document.getElementsByTagName(&apos;body&apos;)[0].clientHeight;
		var uw = window.innerWidth || document.documentElement.clientWidth || document.getElementsByTagName(&apos;body&apos;)[0].clientWidth;
		setCookie(&apos;ezds&apos;, encodeURIComponent(&apos;ffid=&apos;+ffid+&apos;,w=&apos;+w+&apos;,h=&apos;+h), (31536e3*7));
		setCookie(&apos;ezohw&apos;, encodeURIComponent(&apos;w=&apos;+uw+&apos;,h=&apos;+uh), (31536e3*7));
	})();&lt;/script&gt;
    &lt;script type=&quot;text/javascript&quot; style=&quot;display:none;&quot; async=&quot;async&quot;&gt;
__ez.queue.addFile(&apos;edmonton.php&apos;, &apos;/detroitchicago/edmonton.webp?a=a&amp;amp;cb=191-6&amp;amp;shcb=34&apos;, true, [&apos;/detroitchicago/minneapolis.js&apos;], true, false, false, false);
__ez.queue.addFile(&apos;jellyfish.php&apos;, &apos;/porpoiseant/jellyfish.webp?a=a&amp;amp;cb=191-6&amp;amp;shcb=34&apos;, false, [], true, false, false, false);
&lt;/script&gt;
    &lt;script type=&quot;text/javascript&quot; data-cfasync=&quot;false&quot;/&gt;
  &lt;/body&gt;
&lt;/html&gt;
</system-out>
  </testcase>
  <testcase classname="Validating Employee API" name="Verify if getAPI shows Updated Employee informtion when UpdateAPI update an Employee" time="2.366">
    <failure message="expected:&lt;[Jenette Caldwell]&gt; but was:&lt;[testUpdate]&gt;" type="org.junit.ComparisonFailure">org.junit.ComparisonFailure: expected:&lt;[Jenette Caldwell]&gt; but was:&lt;[testUpdate]&gt;
	at org.junit.Assert.assertEquals(Assert.java:115)
	at org.junit.Assert.assertEquals(Assert.java:144)
	at stepDefinition.sd.verify_updated_employee_information(sd.java:131)
	at ✽.Verify updated Employee information(file:///C:/Users/Suket%20Suman/eclipse-workspace/Employee/src/test/java/features/employeeValidations.feature:43)
</failure>
    <system-out>HTTP/1.1 200 OK
Cache-Control: no-cache, private, max-age=31536000
Content-Type: application/json
Date: Mon, 21 Sep 2020 05:36:49 GMT
Display: staticcontent_sol
Expires: Tue, 21 Sep 2021 05:36:49 GMT
Host-Header: c2hhcmVkLmJsdWVob3N0LmNvbQ==
Referrer-Policy: 
Response: 200
Server: nginx/1.16.0
Vary: Accept-Encoding
Vary: Accept-Encoding,User-Agent,Origin
X-Ezoic-Cdn: Miss
X-Middleton-Display: staticcontent_sol
X-Middleton-Response: 200
X-Ratelimit-Limit: 60
X-Ratelimit-Remaining: 58
X-Sol: pub_site
Content-Length: 185

{
    &quot;status&quot;: &quot;success&quot;,
    &quot;data&quot;: {
        &quot;id&quot;: 21,
        &quot;employee_name&quot;: &quot;Jenette Caldwell&quot;,
        &quot;employee_salary&quot;: 345000,
        &quot;employee_age&quot;: 30,
        &quot;profile_image&quot;: &quot;&quot;
    },
    &quot;message&quot;: &quot;Successfully! Record has been fetched.&quot;
}
</system-out>
  </testcase>
  <testcase classname="Validating Employee API" name="Verify if getAPI doesnot shows you Employee informtion when DeleteAPI delete an Employee" time="2.912">
    <error message="Failed to parse the JSON document" type="io.restassured.path.json.exception.JsonPathException">io.restassured.path.json.exception.JsonPathException: Failed to parse the JSON document
	at io.restassured.path.json.JsonPath$ExceptionCatcher.invoke(JsonPath.java:1002)
	at io.restassured.path.json.JsonPath$4.doParseWith(JsonPath.java:967)
	at io.restassured.path.json.JsonPath$JsonParser.parseWith(JsonPath.java:1047)
	at io.restassured.path.json.JsonPath.get(JsonPath.java:202)
	at resources.utils.getJsonPath(utils.java:12)
	at stepDefinition.sd.in_response_body_is(sd.java:46)
	at ✽.&quot;message&quot; in response body is &quot;Record has not been fetched.&quot;(file:///C:/Users/Suket%20Suman/eclipse-workspace/Employee/src/test/java/features/employeeValidations.feature:49)
Caused by: groovy.json.JsonException: Lexing failed on line: 1, column: 1, while reading &apos;&lt;&apos;, no possible valid JSON value or punctuation could be recognized.
	at groovy.json.JsonLexer.nextToken(JsonLexer.java:86)
	at groovy.json.JsonLexer$nextToken.call(Unknown Source)
	at io.restassured.internal.path.json.ConfigurableJsonSlurper.parse(ConfigurableJsonSlurper.groovy:97)
	at io.restassured.internal.path.json.ConfigurableJsonSlurper$parse.callCurrent(Unknown Source)
	at io.restassured.internal.path.json.ConfigurableJsonSlurper.parseText(ConfigurableJsonSlurper.groovy:83)
	at io.restassured.path.json.JsonPath$4$1.method(JsonPath.java:965)
	at io.restassured.path.json.JsonPath$ExceptionCatcher.invoke(JsonPath.java:1000)
	at io.restassured.path.json.JsonPath$4.doParseWith(JsonPath.java:967)
	at io.restassured.path.json.JsonPath$JsonParser.parseWith(JsonPath.java:1047)
	at io.restassured.path.json.JsonPath.get(JsonPath.java:202)
	at resources.utils.getJsonPath(utils.java:12)
	at stepDefinition.sd.in_response_body_is(sd.java:46)
	at java.base/jdk.internal.reflect.NativeMethodAccessorImpl.invoke0(Native Method)
	at java.base/jdk.internal.reflect.NativeMethodAccessorImpl.invoke(NativeMethodAccessorImpl.java:62)
	at java.base/jdk.internal.reflect.DelegatingMethodAccessorImpl.invoke(DelegatingMethodAccessorImpl.java:43)
	at java.base/java.lang.reflect.Method.invoke(Method.java:567)
	at io.cucumber.java.Invoker.doInvoke(Invoker.java:66)
	at io.cucumber.java.Invoker.invoke(Invoker.java:24)
	at io.cucumber.java.AbstractGlueDefinition.invokeMethod(AbstractGlueDefinition.java:47)
	at io.cucumber.java.JavaStepDefinition.execute(JavaStepDefinition.java:29)
	at io.cucumber.core.runner.CoreStepDefinition.execute(CoreStepDefinition.java:66)
	at io.cucumber.core.runner.PickleStepDefinitionMatch.runStep(PickleStepDefinitionMatch.java:63)
	at io.cucumber.core.runner.ExecutionMode$1.execute(ExecutionMode.java:10)
	at io.cucumber.core.runner.TestStep.executeStep(TestStep.java:92)
	at io.cucumber.core.runner.TestStep.run(TestStep.java:64)
	at io.cucumber.core.runner.PickleStepTestStep.run(PickleStepTestStep.java:51)
	at io.cucumber.core.runner.TestCase.run(TestCase.java:104)
	at io.cucumber.core.runner.Runner.runPickle(Runner.java:71)
	at io.cucumber.junit.PickleRunners$NoStepDescriptions.run(PickleRunners.java:151)
	at io.cucumber.junit.FeatureRunner.runChild(FeatureRunner.java:135)
	at io.cucumber.junit.FeatureRunner.runChild(FeatureRunner.java:27)
	at org.junit.runners.ParentRunner$3.run(ParentRunner.java:238)
	at org.junit.runners.ParentRunner$1.schedule(ParentRunner.java:63)
	at org.junit.runners.ParentRunner.runChildren(ParentRunner.java:236)
	at org.junit.runners.ParentRunner.access$000(ParentRunner.java:53)
	at org.junit.runners.ParentRunner$2.evaluate(ParentRunner.java:229)
	at org.junit.runners.ParentRunner.run(ParentRunner.java:309)
	at io.cucumber.junit.Cucumber.runChild(Cucumber.java:199)
	at io.cucumber.junit.Cucumber.runChild(Cucumber.java:90)
	at org.junit.runners.ParentRunner$3.run(ParentRunner.java:238)
	at org.junit.runners.ParentRunner$1.schedule(ParentRunner.java:63)
	at org.junit.runners.ParentRunner.runChildren(ParentRunner.java:236)
	at org.junit.runners.ParentRunner.access$000(ParentRunner.java:53)
	at org.junit.runners.ParentRunner$2.evaluate(ParentRunner.java:229)
	at io.cucumber.junit.Cucumber$RunCucumber.evaluate(Cucumber.java:234)
	at org.junit.runners.ParentRunner.run(ParentRunner.java:309)
	at org.apache.maven.surefire.junit4.JUnit4Provider.execute(JUnit4Provider.java:252)
	at org.apache.maven.surefire.junit4.JUnit4Provider.executeTestSet(JUnit4Provider.java:141)
	at org.apache.maven.surefire.junit4.JUnit4Provider.invoke(JUnit4Provider.java:112)
	at java.base/jdk.internal.reflect.NativeMethodAccessorImpl.invoke0(Native Method)
	at java.base/jdk.internal.reflect.NativeMethodAccessorImpl.invoke(NativeMethodAccessorImpl.java:62)
	at java.base/jdk.internal.reflect.DelegatingMethodAccessorImpl.invoke(DelegatingMethodAccessorImpl.java:43)
	at java.base/java.lang.reflect.Method.invoke(Method.java:567)
	at org.apache.maven.surefire.util.ReflectionUtils.invokeMethodWithArray(ReflectionUtils.java:189)
	at org.apache.maven.surefire.booter.ProviderFactory$ProviderProxy.invoke(ProviderFactory.java:165)
	at org.apache.maven.surefire.booter.ProviderFactory.invokeProvider(ProviderFactory.java:85)
	at org.apache.maven.surefire.booter.ForkedBooter.runSuitesInProcess(ForkedBooter.java:115)
	at org.apache.maven.surefire.booter.ForkedBooter.main(ForkedBooter.java:75)
</error>
    <system-out>HTTP/1.1 429 Too Many Requests
Content-Encoding: gzip
Content-Type: text/html; charset=UTF-8
Date: Mon, 21 Sep 2020 05:36:52 GMT
Display: staticcontent_sol
Expires: Sun, 20 Sep 2020 05:36:52 GMT
Host-Header: c2hhcmVkLmJsdWVob3N0LmNvbQ==
Pagespeed: off
Referrer-Policy: 
Response: 429
Retry-After: 49
Server: nginx/1.16.0
Vary: Accept-Encoding
Vary: Accept-Encoding,User-Agent,Origin
X-Ezoic-Cdn: Miss
X-Middleton-Display: staticcontent_sol
X-Middleton-Response: 429
X-Ratelimit-Limit: 60
X-Ratelimit-Remaining: 57
X-Ratelimit-Reset: 1600666661
X-Sol: pub_site
Transfer-Encoding: chunked

&lt;html lang=&quot;en&quot;&gt;
  &lt;head&gt;
    &lt;meta charset=&quot;utf-8&quot;/&gt;
    &lt;script data-ezscrex=&quot;false&quot; data-cfasync=&quot;false&quot; data-pagespeed-no-defer=&quot;data-pagespeed-no-defer&quot;&gt;var __ez=__ez||{};__ez.stms=Date.now();__ez.evt={};__ez.script={};__ez.ck=__ez.ck||{};__ez.template={};__ez.template.isOrig=false;__ez.queue=(function(){var count=0,incr=0,items=[],timeDelayFired=false,hpItems=[],lpItems=[],allowLoad=true;var obj={func:function(name,funcName,parameters,isBlock,blockedBy,deleteWhenComplete,proceedIfError){var self=this;this.name=name;this.funcName=funcName;this.parameters=parameters===null?null:(parameters instanceof Array)?parameters:[parameters];this.isBlock=isBlock;this.blockedBy=blockedBy;this.deleteWhenComplete=deleteWhenComplete;this.isError=false;this.isComplete=false;this.isInitialized=false;this.proceedIfError=proceedIfError;this.isTimeDelay=false;this.process=function(){log(&quot;... func = &quot;+name);self.isInitialized=true;self.isComplete=true;log(&quot;... func.apply: &quot;+name);var funcs=self.funcName.split(&apos;.&apos;);var func=null;if(funcs.length&amp;gt;3){}else if(funcs.length===3){func=window[funcs[0]][funcs[1]][funcs[2]];}else if(funcs.length===2){func=window[funcs[0]][funcs[1]];}else{func=window[self.funcName];}
if(typeof func!==&apos;undefined&apos;&amp;amp;&amp;amp;func!==null){func.apply(null,this.parameters);}
if(self.deleteWhenComplete===true)delete items[name];if(self.isBlock===true){log(&quot;----- F&apos;D: &quot;+self.name);processAll();}}},file:function(name,path,isBlock,blockedBy,async,defer,proceedIfError){var self=this;this.name=name;this.path=path;this.async=async;this.defer=defer;this.isBlock=isBlock;this.blockedBy=blockedBy;this.isInitialized=false;this.isError=false;this.isComplete=false;this.proceedIfError=proceedIfError;this.isTimeDelay=false;this.process=function(){self.isInitialized=true;log(&quot;... file = &quot;+name);var scr=document.createElement(&apos;script&apos;);scr.src=path;if(async===true)scr.async=true;else if(defer===true)scr.defer=true;scr.onerror=function(){log(&quot;----- ERR&apos;D: &quot;+self.name);self.isError=true;if(self.isBlock===true){processAll();}};scr.onreadystatechange=scr.onload=function(){var state=scr.readyState;log(&quot;----- F&apos;D: &quot;+self.name);if((!state||/loaded|complete/.test(state))){self.isComplete=true;if(self.isBlock===true){processAll();}}};document.getElementsByTagName(&apos;head&apos;)[0].appendChild(scr);}}};function init(){window.addEventListener(&quot;load&quot;,function(){setTimeout(function(){timeDelayFired=true;log(&apos;TDELAY -----&apos;);processAll();},5000);},false);}
function addFile(name,path,isBlock,blockedBy,async,defer,proceedIfError,priority){var item=new obj.file(name,path,isBlock,blockedBy,async,defer,proceedIfError);if(priority===true){hpItems[name]=item}else{lpItems[name]=item}
items[name]=item;checkIfBlocked(item);}
function setallowLoad(settobool){allowLoad=settobool}
function addFunc(name,func,parameters,isBlock,blockedBy,autoInc,deleteWhenComplete,proceedIfError,priority){if(autoInc===true)name=name+&quot;_&quot;+incr++;var item=new obj.func(name,func,parameters,isBlock,blockedBy,deleteWhenComplete,proceedIfError);if(priority===true){hpItems[name]=item}else{lpItems[name]=item}
items[name]=item;checkIfBlocked(item);}
function addTimeDelayFile(name,path){var item=new obj.file(name,path,false,[],false,false,true);item.isTimeDelay=true;log(name+&apos; ... &apos;+&apos; FILE! TDELAY&apos;);lpItems[name]=item;items[name]=item;checkIfBlocked(item);}
function addTimeDelayFunc(name,func,parameters){var item=new obj.func(name,func,parameters,false,[],true,true);item.isTimeDelay=true;log(name+&apos; ... &apos;+&apos; FUNCTION! TDELAY&apos;);lpItems[name]=item;items[name]=item;checkIfBlocked(item);}
function checkIfBlocked(item){if(isBlocked(item)===true||allowLoad==false)return;item.process();}
function isBlocked(item){if(item.isTimeDelay===true&amp;amp;&amp;amp;timeDelayFired===false){log(item.name+&quot; blocked = TIME DELAY!&quot;);return true;}
if(item.blockedBy instanceof Array){for(var i=0;i&amp;lt;item.blockedBy.length;i++){var block=item.blockedBy[i];if(items.hasOwnProperty(block)===false){log(item.name+&quot; blocked = &quot;+block);return true;}else if(item.proceedIfError===true&amp;amp;&amp;amp;items[block].isError===true){return false;}else if(items[block].isComplete===false){log(item.name+&quot; blocked = &quot;+block);return true;}}}
return false;}
function log(msg){var href=window.location.href;var reg=new RegExp(&apos;[?&amp;amp;]ezq=([^&amp;amp;#]*)&apos;,&apos;i&apos;);var string=reg.exec(href);var res=string?string[1]:null;if(res===&quot;1&quot;)console.debug(msg);}
function processAll(){count++;if(count&amp;gt;200)return;log(&quot;let&apos;s go&quot;);processItems(hpItems);processItems(lpItems);}
function processItems(list){for(var i in list){if(list.hasOwnProperty(i)===false)continue;var item=list[i];if(item.isComplete===true||isBlocked(item)||item.isInitialized===true||item.isError===true){if(item.isError===true){log(item.name+&apos;: error&apos;)}else if(item.isComplete===true){log(item.name+&apos;: complete already&apos;)}else if(item.isInitialized===true){log(item.name+&apos;: initialized already&apos;)}}else{item.process();}}}
init();return{addFile:addFile,addDelayFile:addTimeDelayFile,addFunc:addFunc,addDelayFunc:addTimeDelayFunc,items:items,processAll:processAll,setallowLoad:setallowLoad};})();__ez.evt.add=function(e,t,n){e.addEventListener?e.addEventListener(t,n,!1):e.attachEvent?e.attachEvent(&quot;on&quot;+t,n):e[&quot;on&quot;+t]=n()},__ez.evt.remove=function(e,t,n){e.removeEventListener?e.removeEventListener(t,n,!1):e.detachEvent?e.detachEvent(&quot;on&quot;+t,n):delete e[&quot;on&quot;+t]};__ez.script.add=function(e){var t=document.createElement(&quot;script&quot;);t.src=e,t.async=!0,t.type=&quot;text/javascript&quot;,document.getElementsByTagName(&quot;head&quot;)[0].appendChild(t)};__ez.queue.addFile(&apos;/detroitchicago/boise.js&apos;, &apos;/detroitchicago/boise.js?gcb=191-6&amp;amp;cb=1&apos;, false, [], true, false, true, false);__ez.dot={};__ez.queue.addFile(&apos;/detroitchicago/memphis.js&apos;, &apos;/detroitchicago/memphis.js?gcb=191-6&amp;amp;cb=1&apos;, false, [], true, false, true, false);__ez.queue.addFile(&apos;/detroitchicago/minneapolis.js&apos;, &apos;/detroitchicago/minneapolis.js?gcb=191-6&amp;amp;cb=1&apos;, false, [], true, false, true, false);__ez.vep=(function(){var pixels=[],pxURL=&quot;/detroitchicago/grapefruit.gif&quot;;function AddPixel(vID,pixelData){if(__ez.dot.isDefined(vID)&amp;amp;&amp;amp;__ez.dot.isValid(pixelData)){pixels.push({type:&apos;video&apos;,video_impression_id:vID,domain_id:__ez.dot.getDID(),t_epoch:__ez.dot.getEpoch(0),data:__ez.dot.dataToStr(pixelData)});}}
function Fire(){if(typeof document.visibilityState!==&apos;undefined&apos;&amp;amp;&amp;amp;document.visibilityState===&quot;prerender&quot;){return;}
if(__ez.dot.isDefined(pixels)&amp;amp;&amp;amp;pixels.length&amp;gt;0){while(pixels.length&amp;gt;0){var j=5;if(j&amp;gt;pixels.length){j=pixels.length;}
var pushPixels=pixels.splice(0,j);(new Image()).src=__ez.dot.getURL(pxURL)+&quot;?orig=&quot;+(__ez.template.isOrig===true?1:0)+&quot;&amp;amp;v=&quot;+btoa(JSON.stringify(pushPixels));}}
pixels=[];}
return{Add:AddPixel,Fire:Fire};})();&lt;/script&gt;
    &lt;script data-ezscrex=&quot;false&quot; data-cfasync=&quot;false&quot; data-pagespeed-no-defer=&quot;data-pagespeed-no-defer&quot;&gt;__ez.pel=(function(){var pixels=[],pxURL=&quot;/porpoiseant/army.gif&quot;;function AddAndFirePixel(adSlot,pixelData){AddPixel(adSlot,pixelData,0,0,0,0,0);Fire();}
function GetCurrentPixels(){return pixels;}
function AddPixel(adSlot,pixelData,revenue,est_revenue,bid_floor_filled,bid_floor_prev,stat_source_id){if(!__ez.dot.isDefined(adSlot)||__ez.dot.isAnyDefined(adSlot.getSlotElementId,adSlot.ElementId)==false){return;}
var ad_position_id=parseInt(__ez.dot.getTargeting(adSlot,&apos;ap&apos;));var impId=__ez.dot.getSlotIID(adSlot),adUnit=__ez.dot.getAdUnit(adSlot);var compId=parseInt(__ez.dot.getTargeting(adSlot,&quot;compid&quot;));var lineItemId=0;var creativeId=0;var ezimData=getEzimData(adSlot);if(typeof ezimData==&apos;object&apos;){if(ezimData.creative_id!==undefined){creativeId=ezimData.creative_id;}
if(ezimData.line_item_id!==undefined){lineItemId=ezimData.line_item_id;}}
if(__ez.dot.isDefined(impId,adUnit)&amp;amp;&amp;amp;__ez.dot.isValid(pixelData)){pixels.push({type:&quot;impression&quot;,impression_id:impId,domain_id:__ez.dot.getDID(),unit:adUnit,t_epoch:__ez.dot.getEpoch(0),revenue:revenue,est_revenue:est_revenue,ad_position:ad_position_id,ad_size:&quot;&quot;,bid_floor_filled:bid_floor_filled,bid_floor_prev:bid_floor_prev,stat_source_id:stat_source_id,country_code:__ez.dot.getCC(),pageview_id:__ez.dot.getPageviewId(),comp_id:compId,line_item_id:lineItemId,creative_id:creativeId,data:__ez.dot.dataToStr(pixelData)});}}
function AddPixelById(impFullId,pixelData){var vals=impFullId.split(&apos;/&apos;);if(__ez.dot.isDefined(impFullId)&amp;amp;&amp;amp;vals.length===3&amp;amp;&amp;amp;__ez.dot.isValid(pixelData)){var adUnit=vals[0],impId=vals[2];pixels.push({type:&quot;impression&quot;,impression_id:impId,domain_id:__ez.dot.getDID(),unit:adUnit,t_epoch:__ez.dot.getEpoch(0),pageview_id:__ez.dot.getPageviewId(),data:__ez.dot.dataToStr(pixelData)});}}
function Fire(){if(typeof document.visibilityState!==&apos;undefined&apos;&amp;amp;&amp;amp;document.visibilityState===&quot;prerender&quot;)return;if(__ez.dot.isDefined(pixels)&amp;amp;&amp;amp;pixels.length&amp;gt;0){while(pixels.length&amp;gt;0){var j=5;if(j&amp;gt;pixels.length){j=pixels.length;}
var pushPixels=pixels.splice(0,j);var pixelURL=__ez.dot.getURL(pxURL)+&quot;?orig=&quot;+(__ez.template.isOrig===true?1:0)+&quot;&amp;amp;sts=&quot;+btoa(JSON.stringify(pushPixels));if(typeof window.isAmp!==&apos;undefined&apos;&amp;amp;&amp;amp;isAmp&amp;amp;&amp;amp;typeof window._ezaq!==&apos;undefined&apos;&amp;amp;&amp;amp;_ezaq.hasOwnProperty(&quot;domain_id&quot;)){pixelURL+=&quot;&amp;amp;visit_uuid=&quot;+_ezaq[&apos;visit_uuid&apos;];}
(new Image()).src=pixelURL;}}
pixels=[];}
function getEzimData(adSlot){if(typeof _ezim_d==&quot;undefined&quot;){return false}
var adUnitName=__ez.dot.getAdUnitPath(adSlot).split(&apos;/&apos;).pop();if(typeof _ezim_d===&apos;object&apos;&amp;amp;&amp;amp;_ezim_d.hasOwnProperty(adUnitName)){return _ezim_d[adUnitName];}
for(var ezimKey in _ezim_d){if(ezimKey.split(&apos;/&apos;).pop()===adUnitName){return _ezim_d[ezimKey];}}
return false;}
return{Add:AddPixel,AddAndFire:AddAndFirePixel,AddById:AddPixelById,Fire:Fire,GetPixels:GetCurrentPixels,};})();__ez.queue.addFile(&apos;/detroitchicago/raleigh.js&apos;, &apos;/detroitchicago/raleigh.js?gcb=191-6&amp;amp;cb=1&apos;, false, [], true, false, true, false);__ez.queue.addFile(&apos;/detroitchicago/tampa.js&apos;, &apos;/detroitchicago/tampa.js?gcb=191-6&amp;amp;cb=1&apos;, false, [], true, false, true, false);&lt;/script&gt;
    &lt;script data-ezscrex=&quot;false&quot; type=&quot;text/javascript&quot; data-cfasync=&quot;false&quot;&gt;var _ezaq = {&quot;ad_cache_level&quot;:0,&quot;ad_count_adjustment&quot;:0,&quot;ad_lazyload_version&quot;:0,&quot;ad_location_ids&quot;:&quot;&quot;,&quot;ad_transform_level&quot;:0,&quot;adx_ad_count&quot;:0,&quot;bidder_method&quot;:3,&quot;bidder_version&quot;:5,&quot;city&quot;:&quot;Patna&quot;,&quot;country&quot;:&quot;IN&quot;,&quot;days_since_last_visit&quot;:-1,&quot;display_ad_count&quot;:0,&quot;domain_id&quot;:133674,&quot;ds_adsize_opt_id&quot;:-1,&quot;engaged_time_visit&quot;:0,&quot;ezcache_level&quot;:1,&quot;forensiq_score&quot;:-1,&quot;form_factor_id&quot;:1,&quot;framework_id&quot;:1,&quot;has_bad_image&quot;:0,&quot;has_bad_words&quot;:0,&quot;iab_category&quot;:&quot;&quot;,&quot;is_from_recommended_pages&quot;:false,&quot;is_return_visitor&quot;:false,&quot;is_sitespeed&quot;:0,&quot;last_page_load&quot;:&quot;&quot;,&quot;last_pageview_id&quot;:&quot;&quot;,&quot;lt_cache_level&quot;:0,&quot;max_ads&quot;:0,&quot;metro_code&quot;:0,&quot;optimization_version&quot;:4,&quot;page_ad_positions&quot;:&quot;&quot;,&quot;page_view_count&quot;:0,&quot;page_view_id&quot;:&quot;1b9c6979-b35c-4d8d-7873-ac65da7122f4&quot;,&quot;position_selection_id&quot;:0,&quot;postal_code&quot;:&quot;800001&quot;,&quot;pv_event_count&quot;:0,&quot;response_time_orig&quot;:875,&quot;serverid&quot;:&quot;18.141.222.184:24203&quot;,&quot;state&quot;:&quot;BR&quot;,&quot;sub_page_ad_positions&quot;:&quot;&quot;,&quot;t_epoch&quot;:1600666611,&quot;template_id&quot;:0,&quot;time_on_site_visit&quot;:0,&quot;url&quot;:&quot;http://dummy.restapiexample.com/api/v1/employee/2&quot;,&quot;user_id&quot;:0,&quot;word_count&quot;:0,&quot;worst_bad_word_level&quot;:0};var _ezim_d = null;var _ezat = {&quot;domain_id&quot;:133674,&quot;form_factor_id&quot;:1,&quot;framework_id&quot;:1,&quot;pageview_date&quot;:&quot;2020-09-21&quot;,&quot;pageview_id&quot;:&quot;1b9c6979-b35c-4d8d-7873-ac65da7122f4&quot;,&quot;template_id&quot;:0,&quot;url&quot;:&quot;http://dummy.restapiexample.com/api/v1/employee/2&quot;,&quot;visit_uuid&quot;:&quot;1a98792f-0c72-4760-5986-94b0e88db055&quot;};&lt;/script&gt;
    &lt;script data-ezscrex=&quot;false&quot; data-pagespeed-no-defer=&quot;data-pagespeed-no-defer&quot; data-cfasync=&quot;false&quot; type=&quot;text/javascript&quot;&gt;__ez.queue.addFile(&apos;banger.js&apos;, &apos;/porpoiseant/banger.js?cb=191-6&amp;amp;bv=86&amp;amp;v=35&amp;amp;PageSpeed=off&apos;, true, [], true, false, false, true);&lt;/script&gt;
    &lt;script data-ezscrex=&quot;false&quot; data-cfasync=&quot;false&quot;&gt;(function(){if(&quot;function&quot;===typeof window.CustomEvent)return!1;window.CustomEvent=function(c,a){a=a||{bubbles:!1,cancelable:!1,detail:null};var b=document.createEvent(&quot;CustomEvent&quot;);b.initCustomEvent(c,a.bubbles,a.cancelable,a.detail);return b}})();&lt;/script&gt;
    &lt;script data-ezscrex=&quot;false&quot; data-cfasync=&quot;false&quot;&gt;__ez.queue.addFile(&apos;/detroitchicago/tulsa.js&apos;, &apos;/detroitchicago/tulsa.js?gcb=191-6&amp;amp;cb=2&apos;, false, [], true, false, true, false);&lt;/script&gt;
    &lt;meta name=&quot;viewport&quot; content=&quot;width=device-width, initial-scale=1&quot;/&gt;
    &lt;title&gt;Too Many Requests&lt;/title&gt;
    &lt;link rel=&quot;dns-prefetch&quot; href=&quot;//fonts.gstatic.com&quot;/&gt;
    &lt;link href=&quot;https://fonts.googleapis.com/css?family=Nunito&quot; rel=&quot;stylesheet&quot;/&gt;
    &lt;style&gt;
            html, body {
                background-color: #fff;
                color: #636b6f;
                font-family: &apos;Nunito&apos;, sans-serif;
                font-weight: 100;
                height: 100vh;
                margin: 0;
            }

            .full-height {
                height: 100vh;
            }

            .flex-center {
                align-items: center;
                display: flex;
                justify-content: center;
            }

            .position-ref {
                position: relative;
            }

            .code {
                border-right: 2px solid;
                font-size: 26px;
                padding: 0 15px 0 15px;
                text-align: center;
            }

            .message {
                font-size: 18px;
                text-align: center;
            }
        &lt;/style&gt;
    &lt;script data-ezscrex=&quot;false&quot; data-cfasync=&quot;false&quot; type=&quot;text/javascript&quot;&gt;window.google_analytics_uacct = &quot;UA-131129777-14&quot;;&lt;/script&gt;
    &lt;script data-ezscrex=&quot;false&quot; data-cfasync=&quot;false&quot; type=&quot;text/javascript&quot;&gt;
var _gaq = _gaq || [];
_gaq.push(function(){
	_gat._createTracker(&apos;UA-131129777-14&apos;, &apos;e&apos;);
});
_gaq.push(function(){
	_gat._createTracker(&apos;UA-38339005-1&apos;, &apos;f&apos;);
});
_gaq.push([&apos;e._setDomainName&apos;, &apos;restapiexample.com&apos;]);
_gaq.push([&apos;f._setDomainName&apos;, &apos;restapiexample.com&apos;]);
_gaq.push([&apos;e._setCustomVar&apos;,1,&apos;template&apos;,&apos;pub_site_noads&apos;,3]);
_gaq.push([&apos;e._setCustomVar&apos;,2,&apos;t&apos;,&apos;147&apos;,3]);
_gaq.push([&apos;e._setCustomVar&apos;,3,&apos;rid&apos;,&apos;0&apos;,2]);
_gaq.push([&apos;e._setCustomVar&apos;,4,&apos;bra&apos;,&apos;mod72-c&apos;,3]);
_gaq.push([&apos;e._setAllowAnchor&apos;,true]);
_gaq.push([&apos;e._setSiteSpeedSampleRate&apos;, 10]);
_gaq.push([&apos;f._setCustomVar&apos;,1,&apos;template&apos;,&apos;pub_site_noads&apos;,3]);
_gaq.push([&apos;f._setCustomVar&apos;,2,&apos;domain&apos;,&apos;restapiexample.com&apos;,3]);
_gaq.push([&apos;f._setSiteSpeedSampleRate&apos;, 20]);
_gaq.push([&apos;e._trackPageview&apos;]);
_gaq.push([&apos;f._trackPageview&apos;]);


(function() {
 var ga = document.createElement(&apos;script&apos;); ga.type = &apos;text/javascript&apos;; ga.async = true;
 ga.src = (&apos;https:&apos; == document.location.protocol ? &apos;https://ssl&apos; : &apos;http://www&apos;) + &apos;.google-analytics.com/ga.js&apos;;
 var s = document.getElementsByTagName(&apos;script&apos;)[0]; s.parentNode.insertBefore(ga, s);
})();
&lt;/script&gt;
    &lt;script type=&quot;text/javascript&quot;&gt;var ezouid = &quot;1&quot;;&lt;/script&gt;
    &lt;base href=&quot;http://dummy.restapiexample.com/api/v1/employee/2&quot;/&gt;
    &lt;script type=&quot;text/javascript&quot;&gt;
var ezoTemplate = &apos;pub_site_noads&apos;;
if(typeof ezouid == &apos;undefined&apos;)
{
    var ezouid = &apos;none&apos;;
}
var ezoFormfactor = &apos;1&apos;;
var ezo_elements_to_check = Array();
&lt;/script&gt;
    &lt;script data-ezscrex=&quot;false&quot; type=&quot;text/javascript&quot;&gt;
var soc_app_id = &apos;0&apos;;
var did = 133674;
var ezdomain = &apos;restapiexample.com&apos;;
var ezoicSearchable = 1;
&lt;/script&gt;
    &lt;script data-ezscrex=&quot;false&quot; data-pagespeed-no-defer=&quot;data-pagespeed-no-defer&quot; data-cfasync=&quot;false&quot; type=&quot;text/javascript&quot; style=&quot;display:none&quot;&gt;
__ez.queue.addFile(&apos;__ezf_ezosuigeneris&apos;, &apos;//g.ezoic.net/ezosuigeneris.js&apos;, true, [], true, false, false, false);
var __ez_ezosuigenerisEvt = function() { if(typeof(ezosuigeneris) != &apos;undefined&apos;){__ez.bit.AddAndFire(_ezaq[&apos;page_view_id&apos;], [(new __ezDotData(&apos;universal_user_id&apos;, ezosuigeneris))]); }};
__ez.queue.addFunc(&apos;__ez_ezosuigenerisEvt&apos;, &apos;__ez_ezosuigenerisEvt&apos;, null, false, [&apos;__ezf_ezosuigeneris&apos;,&apos;/detroitchicago/minneapolis.js&apos;,&apos;/detroitchicago/memphis.js&apos;], false, false, false, false);&lt;/script&gt;
    &lt;script data-ezscrex=&quot;false&quot; data-pagespeed-no-defer=&quot;data-pagespeed-no-defer&quot; data-cfasync=&quot;false&quot; type=&quot;text/javascript&quot; style=&quot;display:none&quot;&gt;__ez.queue.addFile(&apos;__ezf_ezosuigenerisc&apos;, &apos;//g.ezoic.net/ezosuigenerisc.js?nogen=1&apos;, true, [&quot;/detroitchicago/boise.js&quot;], true, false, false, false);&lt;/script&gt;
    &lt;script data-ezscrex=&quot;false&quot; data-pagespeed-no-defer=&quot;data-pagespeed-no-defer&quot; data-cfasync=&quot;false&quot;&gt;
function create_ezolpl(pvID, rv) {
    var d = new Date();
    d.setTime(d.getTime() + (365*24*60*60*1000));
    var expires = &quot;expires=&quot;+d.toUTCString();
    __ez.ck.setByCat(&quot;ezux_lpl_133674=&quot; + new Date().getTime() + &quot;|&quot; + pvID + &quot;|&quot; + rv + &quot;; &quot; + expires, 3);
}
function attach_ezolpl(pvID, rv) {
    if (document.readyState === &quot;complete&quot;) {
        create_ezolpl(pvID, rv);
    }
    if(window.attachEvent) {
        window.attachEvent(&quot;onload&quot;, create_ezolpl, pvID, rv);
    } else {
        if(window.onload) {
            var curronload = window.onload;
            var newonload = function(evt) {
                curronload(evt);
                create_ezolpl(pvID, rv);
            };
            window.onload = newonload;
        } else {
            window.onload = create_ezolpl.bind(null, pvID, rv);
        }
    }
}

__ez.queue.addFunc(&quot;attach_ezolpl&quot;, &quot;attach_ezolpl&quot;, [&quot;1b9c6979-b35c-4d8d-7873-ac65da7122f4&quot;, &quot;false&quot;], false, [&apos;/detroitchicago/boise.js&apos;], true, false, false, false);
&lt;/script&gt;
  &lt;/head&gt;
  &lt;body&gt;
    &lt;div class=&quot;flex-center position-ref full-height&quot;&gt;
      &lt;div class=&quot;code&quot;&gt;
                429            &lt;/div&gt;
      &lt;div class=&quot;message&quot; style=&quot;padding: 10px;&quot;&gt;
                Too Many Requests            &lt;/div&gt;
    &lt;/div&gt;
    &lt;script type=&quot;text/javascript&quot; style=&quot;display:none;&quot;&gt;var __ez_dims = (function() {
		var setCookie = function( name, content, expiry ) {
			return document.cookie = name+&apos;=&apos;+content+((expiry)?&apos;;expires=&apos;+(new Date(Math.floor(new Date().getTime()+expiry*1000)).toUTCString()):&apos;&apos;)+&apos;;path=/&apos;;
		};
		var ffid = 1;
		var oh = window.screen.height;
		var ow = window.screen.width;
		var h = ffid === 1 ? oh : (oh &amp;gt; ow) ? oh : ow;
		var w = ffid === 1 ? ow : (oh &amp;gt; ow) ? ow : oh;
		var uh = window.innerHeight || document.documentElement.clientHeight || document.getElementsByTagName(&apos;body&apos;)[0].clientHeight;
		var uw = window.innerWidth || document.documentElement.clientWidth || document.getElementsByTagName(&apos;body&apos;)[0].clientWidth;
		setCookie(&apos;ezds&apos;, encodeURIComponent(&apos;ffid=&apos;+ffid+&apos;,w=&apos;+w+&apos;,h=&apos;+h), (31536e3*7));
		setCookie(&apos;ezohw&apos;, encodeURIComponent(&apos;w=&apos;+uw+&apos;,h=&apos;+uh), (31536e3*7));
	})();&lt;/script&gt;
    &lt;script type=&quot;text/javascript&quot; style=&quot;display:none;&quot; async=&quot;async&quot;&gt;
__ez.queue.addFile(&apos;edmonton.php&apos;, &apos;/detroitchicago/edmonton.webp?a=a&amp;amp;cb=191-6&amp;amp;shcb=34&apos;, true, [&apos;/detroitchicago/minneapolis.js&apos;], true, false, false, false);
__ez.queue.addFile(&apos;jellyfish.php&apos;, &apos;/porpoiseant/jellyfish.webp?a=a&amp;amp;cb=191-6&amp;amp;shcb=34&apos;, false, [], true, false, false, false);
&lt;/script&gt;
    &lt;script type=&quot;text/javascript&quot; data-cfasync=&quot;false&quot;/&gt;
  &lt;/body&gt;
&lt;/html&gt;
</system-out>
  </testcase>
  <testcase classname="Validating Employee API" name="To verify Entire crud operation at once" time="1.092">
    <error message="Failed to parse the JSON document" type="io.restassured.path.json.exception.JsonPathException">io.restassured.path.json.exception.JsonPathException: Failed to parse the JSON document
	at io.restassured.path.json.JsonPath$ExceptionCatcher.invoke(JsonPath.java:1002)
	at io.restassured.path.json.JsonPath$4.doParseWith(JsonPath.java:967)
	at io.restassured.path.json.JsonPath$JsonParser.parseWith(JsonPath.java:1047)
	at io.restassured.path.json.JsonPath.get(JsonPath.java:202)
	at resources.utils.getJsonPath(utils.java:12)
	at stepDefinition.sd.update_employee_payload_by_id(sd.java:119)
	at ✽.update employee payload by id(file:///C:/Users/Suket%20Suman/eclipse-workspace/Employee/src/test/java/features/employeeValidations.feature:54)
Caused by: groovy.json.JsonException: Lexing failed on line: 1, column: 1, while reading &apos;&lt;&apos;, no possible valid JSON value or punctuation could be recognized.
	at groovy.json.JsonLexer.nextToken(JsonLexer.java:86)
	at groovy.json.JsonLexer$nextToken.call(Unknown Source)
	at io.restassured.internal.path.json.ConfigurableJsonSlurper.parse(ConfigurableJsonSlurper.groovy:97)
	at io.restassured.internal.path.json.ConfigurableJsonSlurper$parse.callCurrent(Unknown Source)
	at io.restassured.internal.path.json.ConfigurableJsonSlurper.parseText(ConfigurableJsonSlurper.groovy:83)
	at io.restassured.path.json.JsonPath$4$1.method(JsonPath.java:965)
	at io.restassured.path.json.JsonPath$ExceptionCatcher.invoke(JsonPath.java:1000)
	at io.restassured.path.json.JsonPath$4.doParseWith(JsonPath.java:967)
	at io.restassured.path.json.JsonPath$JsonParser.parseWith(JsonPath.java:1047)
	at io.restassured.path.json.JsonPath.get(JsonPath.java:202)
	at resources.utils.getJsonPath(utils.java:12)
	at stepDefinition.sd.update_employee_payload_by_id(sd.java:119)
	at java.base/jdk.internal.reflect.NativeMethodAccessorImpl.invoke0(Native Method)
	at java.base/jdk.internal.reflect.NativeMethodAccessorImpl.invoke(NativeMethodAccessorImpl.java:62)
	at java.base/jdk.internal.reflect.DelegatingMethodAccessorImpl.invoke(DelegatingMethodAccessorImpl.java:43)
	at java.base/java.lang.reflect.Method.invoke(Method.java:567)
	at io.cucumber.java.Invoker.doInvoke(Invoker.java:66)
	at io.cucumber.java.Invoker.invoke(Invoker.java:24)
	at io.cucumber.java.AbstractGlueDefinition.invokeMethod(AbstractGlueDefinition.java:47)
	at io.cucumber.java.JavaStepDefinition.execute(JavaStepDefinition.java:29)
	at io.cucumber.core.runner.CoreStepDefinition.execute(CoreStepDefinition.java:66)
	at io.cucumber.core.runner.PickleStepDefinitionMatch.runStep(PickleStepDefinitionMatch.java:63)
	at io.cucumber.core.runner.ExecutionMode$1.execute(ExecutionMode.java:10)
	at io.cucumber.core.runner.TestStep.executeStep(TestStep.java:92)
	at io.cucumber.core.runner.TestStep.run(TestStep.java:64)
	at io.cucumber.core.runner.PickleStepTestStep.run(PickleStepTestStep.java:51)
	at io.cucumber.core.runner.TestCase.run(TestCase.java:104)
	at io.cucumber.core.runner.Runner.runPickle(Runner.java:71)
	at io.cucumber.junit.PickleRunners$NoStepDescriptions.run(PickleRunners.java:151)
	at io.cucumber.junit.FeatureRunner.runChild(FeatureRunner.java:135)
	at io.cucumber.junit.FeatureRunner.runChild(FeatureRunner.java:27)
	at org.junit.runners.ParentRunner$3.run(ParentRunner.java:238)
	at org.junit.runners.ParentRunner$1.schedule(ParentRunner.java:63)
	at org.junit.runners.ParentRunner.runChildren(ParentRunner.java:236)
	at org.junit.runners.ParentRunner.access$000(ParentRunner.java:53)
	at org.junit.runners.ParentRunner$2.evaluate(ParentRunner.java:229)
	at org.junit.runners.ParentRunner.run(ParentRunner.java:309)
	at io.cucumber.junit.Cucumber.runChild(Cucumber.java:199)
	at io.cucumber.junit.Cucumber.runChild(Cucumber.java:90)
	at org.junit.runners.ParentRunner$3.run(ParentRunner.java:238)
	at org.junit.runners.ParentRunner$1.schedule(ParentRunner.java:63)
	at org.junit.runners.ParentRunner.runChildren(ParentRunner.java:236)
	at org.junit.runners.ParentRunner.access$000(ParentRunner.java:53)
	at org.junit.runners.ParentRunner$2.evaluate(ParentRunner.java:229)
	at io.cucumber.junit.Cucumber$RunCucumber.evaluate(Cucumber.java:234)
	at org.junit.runners.ParentRunner.run(ParentRunner.java:309)
	at org.apache.maven.surefire.junit4.JUnit4Provider.execute(JUnit4Provider.java:252)
	at org.apache.maven.surefire.junit4.JUnit4Provider.executeTestSet(JUnit4Provider.java:141)
	at org.apache.maven.surefire.junit4.JUnit4Provider.invoke(JUnit4Provider.java:112)
	at java.base/jdk.internal.reflect.NativeMethodAccessorImpl.invoke0(Native Method)
	at java.base/jdk.internal.reflect.NativeMethodAccessorImpl.invoke(NativeMethodAccessorImpl.java:62)
	at java.base/jdk.internal.reflect.DelegatingMethodAccessorImpl.invoke(DelegatingMethodAccessorImpl.java:43)
	at java.base/java.lang.reflect.Method.invoke(Method.java:567)
	at org.apache.maven.surefire.util.ReflectionUtils.invokeMethodWithArray(ReflectionUtils.java:189)
	at org.apache.maven.surefire.booter.ProviderFactory$ProviderProxy.invoke(ProviderFactory.java:165)
	at org.apache.maven.surefire.booter.ProviderFactory.invokeProvider(ProviderFactory.java:85)
	at org.apache.maven.surefire.booter.ForkedBooter.runSuitesInProcess(ForkedBooter.java:115)
	at org.apache.maven.surefire.booter.ForkedBooter.main(ForkedBooter.java:75)
</error>
    <system-out>HTTP/1.1 429 Too Many Requests
Content-Encoding: gzip
Content-Type: text/html; charset=UTF-8
Date: Mon, 21 Sep 2020 05:36:53 GMT
Display: staticcontent_sol
Expires: Sun, 20 Sep 2020 05:36:53 GMT
Host-Header: c2hhcmVkLmJsdWVob3N0LmNvbQ==
Pagespeed: off
Referrer-Policy: 
Response: 429
Retry-After: 28
Server: nginx/1.16.0
Vary: Accept-Encoding
Vary: Accept-Encoding,Origin
X-Ezoic-Cdn: Miss
X-Middleton-Display: staticcontent_sol
X-Middleton-Response: 429
X-Ratelimit-Limit: 60
X-Ratelimit-Remaining: 56
X-Ratelimit-Reset: 1600666641
X-Sol: pub_site
Transfer-Encoding: chunked

&lt;html lang=&quot;en&quot;&gt;
  &lt;head&gt;
    &lt;meta charset=&quot;utf-8&quot;/&gt;
    &lt;script data-ezscrex=&quot;false&quot; data-cfasync=&quot;false&quot; data-pagespeed-no-defer=&quot;data-pagespeed-no-defer&quot;&gt;var __ez=__ez||{};__ez.stms=Date.now();__ez.evt={};__ez.script={};__ez.ck=__ez.ck||{};__ez.template={};__ez.template.isOrig=false;__ez.queue=(function(){var count=0,incr=0,items=[],timeDelayFired=false,hpItems=[],lpItems=[],allowLoad=true;var obj={func:function(name,funcName,parameters,isBlock,blockedBy,deleteWhenComplete,proceedIfError){var self=this;this.name=name;this.funcName=funcName;this.parameters=parameters===null?null:(parameters instanceof Array)?parameters:[parameters];this.isBlock=isBlock;this.blockedBy=blockedBy;this.deleteWhenComplete=deleteWhenComplete;this.isError=false;this.isComplete=false;this.isInitialized=false;this.proceedIfError=proceedIfError;this.isTimeDelay=false;this.process=function(){log(&quot;... func = &quot;+name);self.isInitialized=true;self.isComplete=true;log(&quot;... func.apply: &quot;+name);var funcs=self.funcName.split(&apos;.&apos;);var func=null;if(funcs.length&amp;gt;3){}else if(funcs.length===3){func=window[funcs[0]][funcs[1]][funcs[2]];}else if(funcs.length===2){func=window[funcs[0]][funcs[1]];}else{func=window[self.funcName];}
if(typeof func!==&apos;undefined&apos;&amp;amp;&amp;amp;func!==null){func.apply(null,this.parameters);}
if(self.deleteWhenComplete===true)delete items[name];if(self.isBlock===true){log(&quot;----- F&apos;D: &quot;+self.name);processAll();}}},file:function(name,path,isBlock,blockedBy,async,defer,proceedIfError){var self=this;this.name=name;this.path=path;this.async=async;this.defer=defer;this.isBlock=isBlock;this.blockedBy=blockedBy;this.isInitialized=false;this.isError=false;this.isComplete=false;this.proceedIfError=proceedIfError;this.isTimeDelay=false;this.process=function(){self.isInitialized=true;log(&quot;... file = &quot;+name);var scr=document.createElement(&apos;script&apos;);scr.src=path;if(async===true)scr.async=true;else if(defer===true)scr.defer=true;scr.onerror=function(){log(&quot;----- ERR&apos;D: &quot;+self.name);self.isError=true;if(self.isBlock===true){processAll();}};scr.onreadystatechange=scr.onload=function(){var state=scr.readyState;log(&quot;----- F&apos;D: &quot;+self.name);if((!state||/loaded|complete/.test(state))){self.isComplete=true;if(self.isBlock===true){processAll();}}};document.getElementsByTagName(&apos;head&apos;)[0].appendChild(scr);}}};function init(){window.addEventListener(&quot;load&quot;,function(){setTimeout(function(){timeDelayFired=true;log(&apos;TDELAY -----&apos;);processAll();},5000);},false);}
function addFile(name,path,isBlock,blockedBy,async,defer,proceedIfError,priority){var item=new obj.file(name,path,isBlock,blockedBy,async,defer,proceedIfError);if(priority===true){hpItems[name]=item}else{lpItems[name]=item}
items[name]=item;checkIfBlocked(item);}
function setallowLoad(settobool){allowLoad=settobool}
function addFunc(name,func,parameters,isBlock,blockedBy,autoInc,deleteWhenComplete,proceedIfError,priority){if(autoInc===true)name=name+&quot;_&quot;+incr++;var item=new obj.func(name,func,parameters,isBlock,blockedBy,deleteWhenComplete,proceedIfError);if(priority===true){hpItems[name]=item}else{lpItems[name]=item}
items[name]=item;checkIfBlocked(item);}
function addTimeDelayFile(name,path){var item=new obj.file(name,path,false,[],false,false,true);item.isTimeDelay=true;log(name+&apos; ... &apos;+&apos; FILE! TDELAY&apos;);lpItems[name]=item;items[name]=item;checkIfBlocked(item);}
function addTimeDelayFunc(name,func,parameters){var item=new obj.func(name,func,parameters,false,[],true,true);item.isTimeDelay=true;log(name+&apos; ... &apos;+&apos; FUNCTION! TDELAY&apos;);lpItems[name]=item;items[name]=item;checkIfBlocked(item);}
function checkIfBlocked(item){if(isBlocked(item)===true||allowLoad==false)return;item.process();}
function isBlocked(item){if(item.isTimeDelay===true&amp;amp;&amp;amp;timeDelayFired===false){log(item.name+&quot; blocked = TIME DELAY!&quot;);return true;}
if(item.blockedBy instanceof Array){for(var i=0;i&amp;lt;item.blockedBy.length;i++){var block=item.blockedBy[i];if(items.hasOwnProperty(block)===false){log(item.name+&quot; blocked = &quot;+block);return true;}else if(item.proceedIfError===true&amp;amp;&amp;amp;items[block].isError===true){return false;}else if(items[block].isComplete===false){log(item.name+&quot; blocked = &quot;+block);return true;}}}
return false;}
function log(msg){var href=window.location.href;var reg=new RegExp(&apos;[?&amp;amp;]ezq=([^&amp;amp;#]*)&apos;,&apos;i&apos;);var string=reg.exec(href);var res=string?string[1]:null;if(res===&quot;1&quot;)console.debug(msg);}
function processAll(){count++;if(count&amp;gt;200)return;log(&quot;let&apos;s go&quot;);processItems(hpItems);processItems(lpItems);}
function processItems(list){for(var i in list){if(list.hasOwnProperty(i)===false)continue;var item=list[i];if(item.isComplete===true||isBlocked(item)||item.isInitialized===true||item.isError===true){if(item.isError===true){log(item.name+&apos;: error&apos;)}else if(item.isComplete===true){log(item.name+&apos;: complete already&apos;)}else if(item.isInitialized===true){log(item.name+&apos;: initialized already&apos;)}}else{item.process();}}}
init();return{addFile:addFile,addDelayFile:addTimeDelayFile,addFunc:addFunc,addDelayFunc:addTimeDelayFunc,items:items,processAll:processAll,setallowLoad:setallowLoad};})();__ez.evt.add=function(e,t,n){e.addEventListener?e.addEventListener(t,n,!1):e.attachEvent?e.attachEvent(&quot;on&quot;+t,n):e[&quot;on&quot;+t]=n()},__ez.evt.remove=function(e,t,n){e.removeEventListener?e.removeEventListener(t,n,!1):e.detachEvent?e.detachEvent(&quot;on&quot;+t,n):delete e[&quot;on&quot;+t]};__ez.script.add=function(e){var t=document.createElement(&quot;script&quot;);t.src=e,t.async=!0,t.type=&quot;text/javascript&quot;,document.getElementsByTagName(&quot;head&quot;)[0].appendChild(t)};__ez.queue.addFile(&apos;/detroitchicago/boise.js&apos;, &apos;/detroitchicago/boise.js?gcb=191-6&amp;amp;cb=1&apos;, false, [], true, false, true, false);__ez.dot={};__ez.queue.addFile(&apos;/detroitchicago/memphis.js&apos;, &apos;/detroitchicago/memphis.js?gcb=191-6&amp;amp;cb=1&apos;, false, [], true, false, true, false);__ez.queue.addFile(&apos;/detroitchicago/minneapolis.js&apos;, &apos;/detroitchicago/minneapolis.js?gcb=191-6&amp;amp;cb=1&apos;, false, [], true, false, true, false);__ez.vep=(function(){var pixels=[],pxURL=&quot;/detroitchicago/grapefruit.gif&quot;;function AddPixel(vID,pixelData){if(__ez.dot.isDefined(vID)&amp;amp;&amp;amp;__ez.dot.isValid(pixelData)){pixels.push({type:&apos;video&apos;,video_impression_id:vID,domain_id:__ez.dot.getDID(),t_epoch:__ez.dot.getEpoch(0),data:__ez.dot.dataToStr(pixelData)});}}
function Fire(){if(typeof document.visibilityState!==&apos;undefined&apos;&amp;amp;&amp;amp;document.visibilityState===&quot;prerender&quot;){return;}
if(__ez.dot.isDefined(pixels)&amp;amp;&amp;amp;pixels.length&amp;gt;0){while(pixels.length&amp;gt;0){var j=5;if(j&amp;gt;pixels.length){j=pixels.length;}
var pushPixels=pixels.splice(0,j);(new Image()).src=__ez.dot.getURL(pxURL)+&quot;?orig=&quot;+(__ez.template.isOrig===true?1:0)+&quot;&amp;amp;v=&quot;+btoa(JSON.stringify(pushPixels));}}
pixels=[];}
return{Add:AddPixel,Fire:Fire};})();&lt;/script&gt;
    &lt;script data-ezscrex=&quot;false&quot; data-cfasync=&quot;false&quot; data-pagespeed-no-defer=&quot;data-pagespeed-no-defer&quot;&gt;__ez.pel=(function(){var pixels=[],pxURL=&quot;/porpoiseant/army.gif&quot;;function AddAndFirePixel(adSlot,pixelData){AddPixel(adSlot,pixelData,0,0,0,0,0);Fire();}
function GetCurrentPixels(){return pixels;}
function AddPixel(adSlot,pixelData,revenue,est_revenue,bid_floor_filled,bid_floor_prev,stat_source_id){if(!__ez.dot.isDefined(adSlot)||__ez.dot.isAnyDefined(adSlot.getSlotElementId,adSlot.ElementId)==false){return;}
var ad_position_id=parseInt(__ez.dot.getTargeting(adSlot,&apos;ap&apos;));var impId=__ez.dot.getSlotIID(adSlot),adUnit=__ez.dot.getAdUnit(adSlot);var compId=parseInt(__ez.dot.getTargeting(adSlot,&quot;compid&quot;));var lineItemId=0;var creativeId=0;var ezimData=getEzimData(adSlot);if(typeof ezimData==&apos;object&apos;){if(ezimData.creative_id!==undefined){creativeId=ezimData.creative_id;}
if(ezimData.line_item_id!==undefined){lineItemId=ezimData.line_item_id;}}
if(__ez.dot.isDefined(impId,adUnit)&amp;amp;&amp;amp;__ez.dot.isValid(pixelData)){pixels.push({type:&quot;impression&quot;,impression_id:impId,domain_id:__ez.dot.getDID(),unit:adUnit,t_epoch:__ez.dot.getEpoch(0),revenue:revenue,est_revenue:est_revenue,ad_position:ad_position_id,ad_size:&quot;&quot;,bid_floor_filled:bid_floor_filled,bid_floor_prev:bid_floor_prev,stat_source_id:stat_source_id,country_code:__ez.dot.getCC(),pageview_id:__ez.dot.getPageviewId(),comp_id:compId,line_item_id:lineItemId,creative_id:creativeId,data:__ez.dot.dataToStr(pixelData)});}}
function AddPixelById(impFullId,pixelData){var vals=impFullId.split(&apos;/&apos;);if(__ez.dot.isDefined(impFullId)&amp;amp;&amp;amp;vals.length===3&amp;amp;&amp;amp;__ez.dot.isValid(pixelData)){var adUnit=vals[0],impId=vals[2];pixels.push({type:&quot;impression&quot;,impression_id:impId,domain_id:__ez.dot.getDID(),unit:adUnit,t_epoch:__ez.dot.getEpoch(0),pageview_id:__ez.dot.getPageviewId(),data:__ez.dot.dataToStr(pixelData)});}}
function Fire(){if(typeof document.visibilityState!==&apos;undefined&apos;&amp;amp;&amp;amp;document.visibilityState===&quot;prerender&quot;)return;if(__ez.dot.isDefined(pixels)&amp;amp;&amp;amp;pixels.length&amp;gt;0){while(pixels.length&amp;gt;0){var j=5;if(j&amp;gt;pixels.length){j=pixels.length;}
var pushPixels=pixels.splice(0,j);var pixelURL=__ez.dot.getURL(pxURL)+&quot;?orig=&quot;+(__ez.template.isOrig===true?1:0)+&quot;&amp;amp;sts=&quot;+btoa(JSON.stringify(pushPixels));if(typeof window.isAmp!==&apos;undefined&apos;&amp;amp;&amp;amp;isAmp&amp;amp;&amp;amp;typeof window._ezaq!==&apos;undefined&apos;&amp;amp;&amp;amp;_ezaq.hasOwnProperty(&quot;domain_id&quot;)){pixelURL+=&quot;&amp;amp;visit_uuid=&quot;+_ezaq[&apos;visit_uuid&apos;];}
(new Image()).src=pixelURL;}}
pixels=[];}
function getEzimData(adSlot){if(typeof _ezim_d==&quot;undefined&quot;){return false}
var adUnitName=__ez.dot.getAdUnitPath(adSlot).split(&apos;/&apos;).pop();if(typeof _ezim_d===&apos;object&apos;&amp;amp;&amp;amp;_ezim_d.hasOwnProperty(adUnitName)){return _ezim_d[adUnitName];}
for(var ezimKey in _ezim_d){if(ezimKey.split(&apos;/&apos;).pop()===adUnitName){return _ezim_d[ezimKey];}}
return false;}
return{Add:AddPixel,AddAndFire:AddAndFirePixel,AddById:AddPixelById,Fire:Fire,GetPixels:GetCurrentPixels,};})();__ez.queue.addFile(&apos;/detroitchicago/raleigh.js&apos;, &apos;/detroitchicago/raleigh.js?gcb=191-6&amp;amp;cb=1&apos;, false, [], true, false, true, false);__ez.queue.addFile(&apos;/detroitchicago/tampa.js&apos;, &apos;/detroitchicago/tampa.js?gcb=191-6&amp;amp;cb=1&apos;, false, [], true, false, true, false);&lt;/script&gt;
    &lt;script data-ezscrex=&quot;false&quot; type=&quot;text/javascript&quot; data-cfasync=&quot;false&quot;&gt;var _ezaq = {&quot;ad_cache_level&quot;:0,&quot;ad_count_adjustment&quot;:0,&quot;ad_lazyload_version&quot;:0,&quot;ad_location_ids&quot;:&quot;&quot;,&quot;ad_transform_level&quot;:0,&quot;adx_ad_count&quot;:0,&quot;bidder_method&quot;:1,&quot;bidder_version&quot;:3,&quot;city&quot;:&quot;Patna&quot;,&quot;country&quot;:&quot;IN&quot;,&quot;days_since_last_visit&quot;:-1,&quot;display_ad_count&quot;:0,&quot;domain_id&quot;:133674,&quot;ds_adsize_opt_id&quot;:-1,&quot;engaged_time_visit&quot;:0,&quot;ezcache_level&quot;:1,&quot;forensiq_score&quot;:-1,&quot;form_factor_id&quot;:1,&quot;framework_id&quot;:1,&quot;has_bad_image&quot;:0,&quot;has_bad_words&quot;:0,&quot;iab_category&quot;:&quot;&quot;,&quot;is_from_recommended_pages&quot;:false,&quot;is_return_visitor&quot;:false,&quot;is_sitespeed&quot;:0,&quot;last_page_load&quot;:&quot;&quot;,&quot;last_pageview_id&quot;:&quot;&quot;,&quot;lt_cache_level&quot;:0,&quot;max_ads&quot;:0,&quot;metro_code&quot;:0,&quot;optimization_version&quot;:1,&quot;page_ad_positions&quot;:&quot;&quot;,&quot;page_view_count&quot;:0,&quot;page_view_id&quot;:&quot;315c3bb4-a497-499e-6780-df8fa05707df&quot;,&quot;position_selection_id&quot;:0,&quot;postal_code&quot;:&quot;800001&quot;,&quot;pv_event_count&quot;:0,&quot;response_time_orig&quot;:778,&quot;serverid&quot;:&quot;13.229.102.47:16074&quot;,&quot;state&quot;:&quot;BR&quot;,&quot;sub_page_ad_positions&quot;:&quot;&quot;,&quot;t_epoch&quot;:1600666612,&quot;template_id&quot;:0,&quot;time_on_site_visit&quot;:0,&quot;url&quot;:&quot;http://dummy.restapiexample.com/api/v1/create&quot;,&quot;user_id&quot;:0,&quot;word_count&quot;:0,&quot;worst_bad_word_level&quot;:0};var _ezim_d = null;var _ezat = {&quot;domain_id&quot;:133674,&quot;form_factor_id&quot;:1,&quot;framework_id&quot;:1,&quot;pageview_date&quot;:&quot;2020-09-21&quot;,&quot;pageview_id&quot;:&quot;315c3bb4-a497-499e-6780-df8fa05707df&quot;,&quot;template_id&quot;:0,&quot;url&quot;:&quot;http://dummy.restapiexample.com/api/v1/create&quot;,&quot;visit_uuid&quot;:&quot;34ec2afb-1a66-40d4-6cd7-c8abbbd44eb6&quot;};&lt;/script&gt;
    &lt;script data-ezscrex=&quot;false&quot; data-pagespeed-no-defer=&quot;data-pagespeed-no-defer&quot; data-cfasync=&quot;false&quot; type=&quot;text/javascript&quot;&gt;__ez.queue.addFile(&apos;banger.js&apos;, &apos;/porpoiseant/banger.js?cb=191-6&amp;amp;bv=86&amp;amp;v=35&amp;amp;PageSpeed=off&apos;, true, [], true, false, false, true);&lt;/script&gt;
    &lt;script data-ezscrex=&quot;false&quot; data-cfasync=&quot;false&quot;&gt;(function(){if(&quot;function&quot;===typeof window.CustomEvent)return!1;window.CustomEvent=function(c,a){a=a||{bubbles:!1,cancelable:!1,detail:null};var b=document.createEvent(&quot;CustomEvent&quot;);b.initCustomEvent(c,a.bubbles,a.cancelable,a.detail);return b}})();&lt;/script&gt;
    &lt;script data-ezscrex=&quot;false&quot; data-cfasync=&quot;false&quot;&gt;__ez.queue.addFile(&apos;/detroitchicago/tulsa.js&apos;, &apos;/detroitchicago/tulsa.js?gcb=191-6&amp;amp;cb=2&apos;, false, [], true, false, true, false);&lt;/script&gt;
    &lt;meta name=&quot;viewport&quot; content=&quot;width=device-width, initial-scale=1&quot;/&gt;
    &lt;title&gt;Too Many Requests&lt;/title&gt;
    &lt;link rel=&quot;dns-prefetch&quot; href=&quot;//fonts.gstatic.com&quot;/&gt;
    &lt;link href=&quot;https://fonts.googleapis.com/css?family=Nunito&quot; rel=&quot;stylesheet&quot;/&gt;
    &lt;style&gt;
            html, body {
                background-color: #fff;
                color: #636b6f;
                font-family: &apos;Nunito&apos;, sans-serif;
                font-weight: 100;
                height: 100vh;
                margin: 0;
            }

            .full-height {
                height: 100vh;
            }

            .flex-center {
                align-items: center;
                display: flex;
                justify-content: center;
            }

            .position-ref {
                position: relative;
            }

            .code {
                border-right: 2px solid;
                font-size: 26px;
                padding: 0 15px 0 15px;
                text-align: center;
            }

            .message {
                font-size: 18px;
                text-align: center;
            }
        &lt;/style&gt;
    &lt;script data-ezscrex=&quot;false&quot; data-cfasync=&quot;false&quot; type=&quot;text/javascript&quot;&gt;window.google_analytics_uacct = &quot;UA-131129777-14&quot;;&lt;/script&gt;
    &lt;script data-ezscrex=&quot;false&quot; data-cfasync=&quot;false&quot; type=&quot;text/javascript&quot;&gt;
var _gaq = _gaq || [];
_gaq.push(function(){
	_gat._createTracker(&apos;UA-131129777-14&apos;, &apos;e&apos;);
});
_gaq.push(function(){
	_gat._createTracker(&apos;UA-38339005-1&apos;, &apos;f&apos;);
});
_gaq.push([&apos;e._setDomainName&apos;, &apos;restapiexample.com&apos;]);
_gaq.push([&apos;f._setDomainName&apos;, &apos;restapiexample.com&apos;]);
_gaq.push([&apos;e._setCustomVar&apos;,1,&apos;template&apos;,&apos;pub_site_noads&apos;,3]);
_gaq.push([&apos;e._setCustomVar&apos;,2,&apos;t&apos;,&apos;147&apos;,3]);
_gaq.push([&apos;e._setCustomVar&apos;,3,&apos;rid&apos;,&apos;0&apos;,2]);
_gaq.push([&apos;e._setCustomVar&apos;,4,&apos;bra&apos;,&apos;mod1&apos;,3]);
_gaq.push([&apos;e._setAllowAnchor&apos;,true]);
_gaq.push([&apos;e._setSiteSpeedSampleRate&apos;, 10]);
_gaq.push([&apos;f._setCustomVar&apos;,1,&apos;template&apos;,&apos;pub_site_noads&apos;,3]);
_gaq.push([&apos;f._setCustomVar&apos;,2,&apos;domain&apos;,&apos;restapiexample.com&apos;,3]);
_gaq.push([&apos;f._setSiteSpeedSampleRate&apos;, 20]);
_gaq.push([&apos;e._trackPageview&apos;]);
_gaq.push([&apos;f._trackPageview&apos;]);


(function() {
 var ga = document.createElement(&apos;script&apos;); ga.type = &apos;text/javascript&apos;; ga.async = true;
 ga.src = (&apos;https:&apos; == document.location.protocol ? &apos;https://ssl&apos; : &apos;http://www&apos;) + &apos;.google-analytics.com/ga.js&apos;;
 var s = document.getElementsByTagName(&apos;script&apos;)[0]; s.parentNode.insertBefore(ga, s);
})();
&lt;/script&gt;
    &lt;script type=&quot;text/javascript&quot;&gt;var ezouid = &quot;1&quot;;&lt;/script&gt;
    &lt;base href=&quot;http://dummy.restapiexample.com/api/v1/create&quot;/&gt;
    &lt;script type=&quot;text/javascript&quot;&gt;
var ezoTemplate = &apos;pub_site_noads&apos;;
if(typeof ezouid == &apos;undefined&apos;)
{
    var ezouid = &apos;none&apos;;
}
var ezoFormfactor = &apos;1&apos;;
var ezo_elements_to_check = Array();
&lt;/script&gt;
    &lt;script data-ezscrex=&quot;false&quot; type=&quot;text/javascript&quot;&gt;
var soc_app_id = &apos;0&apos;;
var did = 133674;
var ezdomain = &apos;restapiexample.com&apos;;
var ezoicSearchable = 1;
&lt;/script&gt;
    &lt;script data-ezscrex=&quot;false&quot; data-pagespeed-no-defer=&quot;data-pagespeed-no-defer&quot; data-cfasync=&quot;false&quot; type=&quot;text/javascript&quot; style=&quot;display:none&quot;&gt;
__ez.queue.addFile(&apos;__ezf_ezosuigeneris&apos;, &apos;//g.ezoic.net/ezosuigeneris.js&apos;, true, [], true, false, false, false);
var __ez_ezosuigenerisEvt = function() { if(typeof(ezosuigeneris) != &apos;undefined&apos;){__ez.bit.AddAndFire(_ezaq[&apos;page_view_id&apos;], [(new __ezDotData(&apos;universal_user_id&apos;, ezosuigeneris))]); }};
__ez.queue.addFunc(&apos;__ez_ezosuigenerisEvt&apos;, &apos;__ez_ezosuigenerisEvt&apos;, null, false, [&apos;__ezf_ezosuigeneris&apos;,&apos;/detroitchicago/minneapolis.js&apos;,&apos;/detroitchicago/memphis.js&apos;], false, false, false, false);&lt;/script&gt;
    &lt;script data-ezscrex=&quot;false&quot; data-pagespeed-no-defer=&quot;data-pagespeed-no-defer&quot; data-cfasync=&quot;false&quot; type=&quot;text/javascript&quot; style=&quot;display:none&quot;&gt;__ez.queue.addFile(&apos;__ezf_ezosuigenerisc&apos;, &apos;//g.ezoic.net/ezosuigenerisc.js?nogen=1&apos;, true, [&quot;/detroitchicago/boise.js&quot;], true, false, false, false);&lt;/script&gt;
    &lt;script data-ezscrex=&quot;false&quot; data-pagespeed-no-defer=&quot;data-pagespeed-no-defer&quot; data-cfasync=&quot;false&quot;&gt;
function create_ezolpl(pvID, rv) {
    var d = new Date();
    d.setTime(d.getTime() + (365*24*60*60*1000));
    var expires = &quot;expires=&quot;+d.toUTCString();
    __ez.ck.setByCat(&quot;ezux_lpl_133674=&quot; + new Date().getTime() + &quot;|&quot; + pvID + &quot;|&quot; + rv + &quot;; &quot; + expires, 3);
}
function attach_ezolpl(pvID, rv) {
    if (document.readyState === &quot;complete&quot;) {
        create_ezolpl(pvID, rv);
    }
    if(window.attachEvent) {
        window.attachEvent(&quot;onload&quot;, create_ezolpl, pvID, rv);
    } else {
        if(window.onload) {
            var curronload = window.onload;
            var newonload = function(evt) {
                curronload(evt);
                create_ezolpl(pvID, rv);
            };
            window.onload = newonload;
        } else {
            window.onload = create_ezolpl.bind(null, pvID, rv);
        }
    }
}

__ez.queue.addFunc(&quot;attach_ezolpl&quot;, &quot;attach_ezolpl&quot;, [&quot;315c3bb4-a497-499e-6780-df8fa05707df&quot;, &quot;false&quot;], false, [&apos;/detroitchicago/boise.js&apos;], true, false, false, false);
&lt;/script&gt;
  &lt;/head&gt;
  &lt;body&gt;
    &lt;div class=&quot;flex-center position-ref full-height&quot;&gt;
      &lt;div class=&quot;code&quot;&gt;
                429            &lt;/div&gt;
      &lt;div class=&quot;message&quot; style=&quot;padding: 10px;&quot;&gt;
                Too Many Requests            &lt;/div&gt;
    &lt;/div&gt;
    &lt;script type=&quot;text/javascript&quot; style=&quot;display:none;&quot;&gt;var __ez_dims = (function() {
		var setCookie = function( name, content, expiry ) {
			return document.cookie = name+&apos;=&apos;+content+((expiry)?&apos;;expires=&apos;+(new Date(Math.floor(new Date().getTime()+expiry*1000)).toUTCString()):&apos;&apos;)+&apos;;path=/&apos;;
		};
		var ffid = 1;
		var oh = window.screen.height;
		var ow = window.screen.width;
		var h = ffid === 1 ? oh : (oh &amp;gt; ow) ? oh : ow;
		var w = ffid === 1 ? ow : (oh &amp;gt; ow) ? ow : oh;
		var uh = window.innerHeight || document.documentElement.clientHeight || document.getElementsByTagName(&apos;body&apos;)[0].clientHeight;
		var uw = window.innerWidth || document.documentElement.clientWidth || document.getElementsByTagName(&apos;body&apos;)[0].clientWidth;
		setCookie(&apos;ezds&apos;, encodeURIComponent(&apos;ffid=&apos;+ffid+&apos;,w=&apos;+w+&apos;,h=&apos;+h), (31536e3*7));
		setCookie(&apos;ezohw&apos;, encodeURIComponent(&apos;w=&apos;+uw+&apos;,h=&apos;+uh), (31536e3*7));
	})();&lt;/script&gt;
    &lt;script type=&quot;text/javascript&quot; style=&quot;display:none;&quot; async=&quot;async&quot;&gt;
__ez.queue.addFile(&apos;edmonton.php&apos;, &apos;/detroitchicago/edmonton.webp?a=a&amp;amp;cb=191-6&amp;amp;shcb=34&apos;, true, [&apos;/detroitchicago/minneapolis.js&apos;], true, false, false, false);
__ez.queue.addFile(&apos;jellyfish.php&apos;, &apos;/porpoiseant/jellyfish.webp?a=a&amp;amp;cb=191-6&amp;amp;shcb=34&apos;, false, [], true, false, false, false);
&lt;/script&gt;
    &lt;script type=&quot;text/javascript&quot; data-cfasync=&quot;false&quot;/&gt;
  &lt;/body&gt;
&lt;/html&gt;
</system-out>
  </testcase>
  <testcase classname="Validating Employee API" name="To verify if we cant create withouth body" time="1.114">
    <failure message="expected:&lt;200&gt; but was:&lt;422&gt;" type="java.lang.AssertionError">java.lang.AssertionError: expected:&lt;200&gt; but was:&lt;422&gt;
	at org.junit.Assert.fail(Assert.java:88)
	at org.junit.Assert.failNotEquals(Assert.java:743)
	at org.junit.Assert.assertEquals(Assert.java:118)
	at org.junit.Assert.assertEquals(Assert.java:144)
	at stepDefinition.sd.the_status_code_is(sd.java:41)
	at ✽.the status code is 422(file:///C:/Users/Suket%20Suman/eclipse-workspace/Employee/src/test/java/features/employeeValidations.feature:63)
</failure>
    <system-out>HTTP/1.1 200 OK
Cache-Control: no-cache, private, max-age=31536000
Content-Type: application/json
Date: Mon, 21 Sep 2020 05:36:54 GMT
Display: staticcontent_sol
Expires: Tue, 21 Sep 2021 05:36:54 GMT
Host-Header: c2hhcmVkLmJsdWVob3N0LmNvbQ==
Referrer-Policy: 
Response: 200
Server: nginx/1.16.0
Vary: Accept-Encoding
Vary: Accept-Encoding,Origin
X-Ezoic-Cdn: Miss
X-Middleton-Display: staticcontent_sol
X-Middleton-Response: 200
X-Ratelimit-Limit: 60
X-Ratelimit-Remaining: 58
X-Sol: pub_site
Content-Length: 88

{
    &quot;status&quot;: &quot;success&quot;,
    &quot;data&quot;: {
        &quot;id&quot;: 3184
    },
    &quot;message&quot;: &quot;Successfully! Record has been added.&quot;
}
</system-out>
  </testcase>
  <testcase classname="Validating Employee API" name="To verify if we cant update withouth body" time="1.253">
    <failure message="expected:&lt;200&gt; but was:&lt;422&gt;" type="java.lang.AssertionError">java.lang.AssertionError: expected:&lt;200&gt; but was:&lt;422&gt;
	at org.junit.Assert.fail(Assert.java:88)
	at org.junit.Assert.failNotEquals(Assert.java:743)
	at org.junit.Assert.assertEquals(Assert.java:118)
	at org.junit.Assert.assertEquals(Assert.java:144)
	at stepDefinition.sd.the_status_code_is(sd.java:41)
	at ✽.the status code is 422(file:///C:/Users/Suket%20Suman/eclipse-workspace/Employee/src/test/java/features/employeeValidations.feature:68)
</failure>
  </testcase>
</testsuite>